ERROR:root:L'attribut « référence » a déjà la valeur « AP5-73 » qui ne sera pas remplacée par « AP5-73 ».
2017-04-14 18:59:22,239 [ERROR]  L'attribut « référence » a déjà la valeur « AP5-73 » qui ne sera pas remplacée par « AP5-73 ».
ERROR:root:L'entité « étymologie » à mettre à jour n'existe pas.
2017-04-14 18:59:22,249 [ERROR]  L'entité « étymologie » à mettre à jour n'existe pas.
ERROR:root:L'entité « étymologie » à mettre à jour n'existe pas.
2017-04-14 18:59:22,250 [ERROR]  L'entité « étymologie » à mettre à jour n'existe pas.
ERROR:root:L'attribut « phonétique » a déjà la valeur « ami » qui ne sera pas remplacée par « atmi ».
2017-04-14 18:59:22,259 [ERROR]  L'attribut « phonétique » a déjà la valeur « ami » qui ne sera pas remplacée par « atmi ».
ERROR:root:L'attribut « référence » a déjà la valeur « AP6-45 » qui ne sera pas remplacée par « AP4-62 ».
2017-04-14 18:59:22,261 [ERROR]  L'attribut « référence » a déjà la valeur « AP6-45 » qui ne sera pas remplacée par « AP4-62 ».
ERROR:root:L'attribut « phonétique » a déjà la valeur « amtɪl » qui ne sera pas remplacée par « atmɪtɪl ».
2017-04-14 18:59:22,265 [ERROR]  L'attribut « phonétique » a déjà la valeur « amtɪl » qui ne sera pas remplacée par « atmɪtɪl ».
ERROR:root:L'attribut « phonétique » a déjà la valeur « amjʊ » qui ne sera pas remplacée par « atmʊjʊ ».
2017-04-14 18:59:22,268 [ERROR]  L'attribut « phonétique » a déjà la valeur « amjʊ » qui ne sera pas remplacée par « atmʊjʊ ».
ERROR:root:L'attribut « source » a déjà la valeur « Milton, Moses ; Smith Nice ; Marina » qui ne sera pas remplacée par « Edgar + livre Poiss-NC-NH ».
2017-04-14 18:59:22,324 [ERROR]  L'attribut « source » a déjà la valeur « Milton, Moses ; Smith Nice ; Marina » qui ne sera pas remplacée par « Edgar + livre Poiss-NC-NH ».
ERROR:root:L'attribut « référence » a déjà la valeur « AG5-120 ; AG1-157 ; AP4-15 ; AG4-119 » qui ne sera pas remplacée par « AG7-9 ».
2017-04-14 18:59:22,324 [ERROR]  L'attribut « référence » a déjà la valeur « AG5-120 ; AG1-157 ; AP4-15 ; AG4-119 » qui ne sera pas remplacée par « AG7-9 ».
ERROR:root:L'attribut « phonétique » a déjà la valeur « naᵐbaɣᵐbaɣlɔ » qui ne sera pas remplacée par « naᵐbaᵐbaɣlɔ ».
2017-04-14 18:59:22,335 [ERROR]  L'attribut « phonétique » a déjà la valeur « naᵐbaɣᵐbaɣlɔ » qui ne sera pas remplacée par « naᵐbaᵐbaɣlɔ ».
ERROR:root:L'attribut « référence » a déjà la valeur « Bregulla 11-3 » qui ne sera pas remplacée par « AG3-122; AG1-150 ».
2017-04-14 18:59:22,336 [ERROR]  L'attribut « référence » a déjà la valeur « Bregulla 11-3 » qui ne sera pas remplacée par « AG3-122; AG1-150 ».
ERROR:root:L'attribut « référence » a déjà la valeur « Bregulla 11-3 » qui ne sera pas remplacée par « Bregulla 11-2 ».
2017-04-14 18:59:22,337 [ERROR]  L'attribut « référence » a déjà la valeur « Bregulla 11-3 » qui ne sera pas remplacée par « Bregulla 11-2 ».
ERROR:root:L'attribut « référence » a déjà la valeur « Bregulla 11-3 » qui ne sera pas remplacée par « AG3-122 ».
2017-04-14 18:59:22,337 [ERROR]  L'attribut « référence » a déjà la valeur « Bregulla 11-3 » qui ne sera pas remplacée par « AG3-122 ».
ERROR:root:L'attribut « source » a déjà la valeur « Edgar + livre Poiss-NC-NH » qui ne sera pas remplacée par « Edgar + livre Poiss-NC-NH ».
2017-04-14 18:59:22,339 [ERROR]  L'attribut « source » a déjà la valeur « Edgar + livre Poiss-NC-NH » qui ne sera pas remplacée par « Edgar + livre Poiss-NC-NH ».
ERROR:root:L'attribut « source » a déjà la valeur « Edgar + livre Poiss-NC-NH » qui ne sera pas remplacée par « Edgar + livre Poiss-NC-NH ».
2017-04-14 18:59:22,340 [ERROR]  L'attribut « source » a déjà la valeur « Edgar + livre Poiss-NC-NH » qui ne sera pas remplacée par « Edgar + livre Poiss-NC-NH ».
ERROR:root:L'attribut « source » a déjà la valeur « Edgar + livre Poiss-NC-NH » qui ne sera pas remplacée par « Edgar + livre Poiss-NC-NH ».
2017-04-14 18:59:22,341 [ERROR]  L'attribut « source » a déjà la valeur « Edgar + livre Poiss-NC-NH » qui ne sera pas remplacée par « Edgar + livre Poiss-NC-NH ».
ERROR:root:L'attribut « source » a déjà la valeur « Edgar + livre Poiss-NC-NH » qui ne sera pas remplacée par « Edgar + livre Poiss-NC-NH ».
2017-04-14 18:59:22,341 [ERROR]  L'attribut « source » a déjà la valeur « Edgar + livre Poiss-NC-NH » qui ne sera pas remplacée par « Edgar + livre Poiss-NC-NH ».
ERROR:root:L'attribut « source » a déjà la valeur « Edgar + livre Poiss-NC-NH » qui ne sera pas remplacée par « Edgar + livre Poiss-NC-NH ».
2017-04-14 18:59:22,343 [ERROR]  L'attribut « source » a déjà la valeur « Edgar + livre Poiss-NC-NH » qui ne sera pas remplacée par « Edgar + livre Poiss-NC-NH ».
ERROR:root:L'attribut « source » a déjà la valeur « Edgar + livre Poiss-NC-NH » qui ne sera pas remplacée par « Edgar + livre Poiss-NC-NH ».
2017-04-14 18:59:22,343 [ERROR]  L'attribut « source » a déjà la valeur « Edgar + livre Poiss-NC-NH » qui ne sera pas remplacée par « Edgar + livre Poiss-NC-NH ».
ERROR:root:L'attribut « source » a déjà la valeur « Edgar + livre Poiss-NC-NH » qui ne sera pas remplacée par « Edgar + livre Poiss-NC-NH ».
2017-04-14 18:59:22,345 [ERROR]  L'attribut « source » a déjà la valeur « Edgar + livre Poiss-NC-NH » qui ne sera pas remplacée par « Edgar + livre Poiss-NC-NH ».
ERROR:root:L'attribut « source » a déjà la valeur « Edgar + livre Poiss-NC-NH » qui ne sera pas remplacée par « Edgar + livre Poiss-NC-NH ».
2017-04-14 18:59:22,345 [ERROR]  L'attribut « source » a déjà la valeur « Edgar + livre Poiss-NC-NH » qui ne sera pas remplacée par « Edgar + livre Poiss-NC-NH ».
ERROR:root:L'attribut « source » a déjà la valeur « Edgar + livre Poiss-NC-NH » qui ne sera pas remplacée par « Edgar + livre Poiss-NC-NH ».
2017-04-14 18:59:22,346 [ERROR]  L'attribut « source » a déjà la valeur « Edgar + livre Poiss-NC-NH » qui ne sera pas remplacée par « Edgar + livre Poiss-NC-NH ».
ERROR:root:L'attribut « source » a déjà la valeur « Edgar + livre Poiss-NC-NH » qui ne sera pas remplacée par « Edgar + livre Poiss-NC-NH ».
2017-04-14 18:59:22,346 [ERROR]  L'attribut « source » a déjà la valeur « Edgar + livre Poiss-NC-NH » qui ne sera pas remplacée par « Edgar + livre Poiss-NC-NH ».
ERROR:root:L'attribut « source » a déjà la valeur « Edgar + livre Poiss-NC-NH » qui ne sera pas remplacée par « Edgar + livre Poiss-NC-NH ».
2017-04-14 18:59:22,347 [ERROR]  L'attribut « source » a déjà la valeur « Edgar + livre Poiss-NC-NH » qui ne sera pas remplacée par « Edgar + livre Poiss-NC-NH ».
ERROR:root:L'attribut « source » a déjà la valeur « Edgar + livre Poiss-NC-NH » qui ne sera pas remplacée par « Edgar + livre Poiss-NC-NH ».
2017-04-14 18:59:22,348 [ERROR]  L'attribut « source » a déjà la valeur « Edgar + livre Poiss-NC-NH » qui ne sera pas remplacée par « Edgar + livre Poiss-NC-NH ».
ERROR:root:L'attribut « source » a déjà la valeur « Edgar + livre Poiss-NC-NH » qui ne sera pas remplacée par « Edgar + livre Poiss-NC-NH ».
2017-04-14 18:59:22,348 [ERROR]  L'attribut « source » a déjà la valeur « Edgar + livre Poiss-NC-NH » qui ne sera pas remplacée par « Edgar + livre Poiss-NC-NH ».
ERROR:root:L'attribut « source » a déjà la valeur « Edgar + livre Poiss-NC-NH » qui ne sera pas remplacée par « Edgar + livre Poiss-NC-NH ».
2017-04-14 18:59:22,349 [ERROR]  L'attribut « source » a déjà la valeur « Edgar + livre Poiss-NC-NH » qui ne sera pas remplacée par « Edgar + livre Poiss-NC-NH ».
ERROR:root:L'attribut « référence » a déjà la valeur « AP4-3 » qui ne sera pas remplacée par « AP4-3 ».
2017-04-14 18:59:22,366 [ERROR]  L'attribut « référence » a déjà la valeur « AP4-3 » qui ne sera pas remplacée par « AP4-3 ».
ERROR:root:L'attribut « référence » a déjà la valeur « AP4-3 » qui ne sera pas remplacée par « AG7-20 ».
2017-04-14 18:59:22,366 [ERROR]  L'attribut « référence » a déjà la valeur « AP4-3 » qui ne sera pas remplacée par « AG7-20 ».
ERROR:root:L'attribut « référence » a déjà la valeur « AG3-106 » qui ne sera pas remplacée par « AG4-120 ».
2017-04-14 18:59:22,375 [ERROR]  L'attribut « référence » a déjà la valeur « AG3-106 » qui ne sera pas remplacée par « AG4-120 ».
ERROR:root:L'attribut « référence » a déjà la valeur « AG5-120 ; AG1-157 » qui ne sera pas remplacée par « AG7-4/18 ».
2017-04-14 18:59:22,389 [ERROR]  L'attribut « référence » a déjà la valeur « AG5-120 ; AG1-157 » qui ne sera pas remplacée par « AG7-4/18 ».
ERROR:root:L'attribut « source » a déjà la valeur « Milton, Moses ; Smith Nice » qui ne sera pas remplacée par « confirmé par Edgar !!! + livre Poiss-NC-NH (p.75) ».
2017-04-14 18:59:22,389 [ERROR]  L'attribut « source » a déjà la valeur « Milton, Moses ; Smith Nice » qui ne sera pas remplacée par « confirmé par Edgar !!! + livre Poiss-NC-NH (p.75) ».
ERROR:root:L'attribut « source » a déjà la valeur « Milton, Moses ; Smith Nice » qui ne sera pas remplacée par « Edgar + livre Poiss-NC-NH ».
2017-04-14 18:59:22,390 [ERROR]  L'attribut « source » a déjà la valeur « Milton, Moses ; Smith Nice » qui ne sera pas remplacée par « Edgar + livre Poiss-NC-NH ».
ERROR:root:L'attribut « source » a déjà la valeur « Milton, Moses ; Smith Nice » qui ne sera pas remplacée par « Milton, Moses ».
2017-04-14 18:59:22,390 [ERROR]  L'attribut « source » a déjà la valeur « Milton, Moses ; Smith Nice » qui ne sera pas remplacée par « Milton, Moses ».
ERROR:root:L'attribut « référence » a déjà la valeur « AG5-119 > donné pour L.AGibbus » qui ne sera pas remplacée par « AG7-4 ».
2017-04-14 18:59:22,391 [ERROR]  L'attribut « référence » a déjà la valeur « AG5-119 > donné pour L.AGibbus » qui ne sera pas remplacée par « AG7-4 ».
ERROR:root:L'attribut « source » a déjà la valeur « Milton, Moses ; Smith Nice » qui ne sera pas remplacée par « Edgar + livre Poiss-NC-NH (p.75) ».
2017-04-14 18:59:22,391 [ERROR]  L'attribut « source » a déjà la valeur « Milton, Moses ; Smith Nice » qui ne sera pas remplacée par « Edgar + livre Poiss-NC-NH (p.75) ».
ERROR:root:L'attribut « référence » a déjà la valeur « Bregulla 6-3 » qui ne sera pas remplacée par « AG3-122 ; AG1-149; AG4-118 = Bsl-164 ».
2017-04-14 18:59:22,408 [ERROR]  L'attribut « référence » a déjà la valeur « Bregulla 6-3 » qui ne sera pas remplacée par « AG3-122 ; AG1-149; AG4-118 = Bsl-164 ».
ERROR:root:L'entité « étymologie » à mettre à jour n'existe pas.
2017-04-14 18:59:22,414 [ERROR]  L'entité « étymologie » à mettre à jour n'existe pas.
ERROR:root:L'entité « étymologie » à mettre à jour n'existe pas.
2017-04-14 18:59:22,415 [ERROR]  L'entité « étymologie » à mettre à jour n'existe pas.
ERROR:root:L'attribut « référence » a déjà la valeur « AP5-26 » qui ne sera pas remplacée par « AG5-119 ».
2017-04-14 18:59:22,420 [ERROR]  L'attribut « référence » a déjà la valeur « AP5-26 » qui ne sera pas remplacée par « AG5-119 ».
ERROR:root:L'attribut « référence » a déjà la valeur « AP5-26 » qui ne sera pas remplacée par « AG7-10 ».
2017-04-14 18:59:22,420 [ERROR]  L'attribut « référence » a déjà la valeur « AP5-26 » qui ne sera pas remplacée par « AG7-10 ».
ERROR:root:L'attribut « source » a déjà la valeur « Milton, Moses ; Smith Nice » qui ne sera pas remplacée par « Edgar + livre Poiss-NC-NH ».
2017-04-14 18:59:22,420 [ERROR]  L'attribut « source » a déjà la valeur « Milton, Moses ; Smith Nice » qui ne sera pas remplacée par « Edgar + livre Poiss-NC-NH ».
ERROR:root:L'attribut « référence » a déjà la valeur « AG4-119 » qui ne sera pas remplacée par « AG7-10 ».
2017-04-14 18:59:22,424 [ERROR]  L'attribut « référence » a déjà la valeur « AG4-119 » qui ne sera pas remplacée par « AG7-10 ».
ERROR:root:L'attribut « référence » a déjà la valeur « AG4-119 ; AG4-129 ; AG5-120 ; AG1-157 » qui ne sera pas remplacée par « AG7-10/19 ».
2017-04-14 18:59:22,438 [ERROR]  L'attribut « référence » a déjà la valeur « AG4-119 ; AG4-129 ; AG5-120 ; AG1-157 » qui ne sera pas remplacée par « AG7-10/19 ».
ERROR:root:L'attribut « source » a déjà la valeur « Milton, Moses ; Smith Nice » qui ne sera pas remplacée par « Edgar + livre Poiss-NC-NH ».
2017-04-14 18:59:22,438 [ERROR]  L'attribut « source » a déjà la valeur « Milton, Moses ; Smith Nice » qui ne sera pas remplacée par « Edgar + livre Poiss-NC-NH ».
ERROR:root:L'attribut « référence » a déjà la valeur « Bregulla 6-4 » qui ne sera pas remplacée par « AG3-122 ».
2017-04-14 18:59:22,442 [ERROR]  L'attribut « référence » a déjà la valeur « Bregulla 6-4 » qui ne sera pas remplacée par « AG3-122 ».
ERROR:root:L'entité « étymologie » à mettre à jour n'existe pas.
2017-04-14 18:59:22,451 [ERROR]  L'entité « étymologie » à mettre à jour n'existe pas.
ERROR:root:L'entité « étymologie » à mettre à jour n'existe pas.
2017-04-14 18:59:22,451 [ERROR]  L'entité « étymologie » à mettre à jour n'existe pas.
ERROR:root:L'entité « étymologie » à mettre à jour n'existe pas.
2017-04-14 18:59:22,451 [ERROR]  L'entité « étymologie » à mettre à jour n'existe pas.
ERROR:root:L'entité « étymologie » à mettre à jour n'existe pas.
2017-04-14 18:59:22,490 [ERROR]  L'entité « étymologie » à mettre à jour n'existe pas.
ERROR:root:L'attribut « source » a déjà la valeur « Moses » qui ne sera pas remplacée par « Trevo ».
2017-04-14 18:59:22,605 [ERROR]  L'attribut « source » a déjà la valeur « Moses » qui ne sera pas remplacée par « Trevo ».
ERROR:root:L'attribut « référence » a déjà la valeur « AG4-116 » qui ne sera pas remplacée par « AG4-109 ».
2017-04-14 18:59:22,605 [ERROR]  L'attribut « référence » a déjà la valeur « AG4-116 » qui ne sera pas remplacée par « AG4-109 ».
ERROR:root:L'attribut « référence » a déjà la valeur « Wheatley > /nô-0dô/ » qui ne sera pas remplacée par « Wheatley 253 ».
2017-04-14 18:59:22,612 [ERROR]  L'attribut « référence » a déjà la valeur « Wheatley > /nô-0dô/ » qui ne sera pas remplacée par « Wheatley 253 ».
ERROR:root:L'attribut « référence » a déjà la valeur « AG7-2 » qui ne sera pas remplacée par « AG7-10 ».
2017-04-14 18:59:22,618 [ERROR]  L'attribut « référence » a déjà la valeur « AG7-2 » qui ne sera pas remplacée par « AG7-10 ».
ERROR:root:L'entité « étymologie » à mettre à jour n'existe pas.
2017-04-14 18:59:22,625 [ERROR]  L'entité « étymologie » à mettre à jour n'existe pas.
ERROR:root:L'attribut « référence » a déjà la valeur « AG7-6 » qui ne sera pas remplacée par « AG7-23 ».
2017-04-14 18:59:22,629 [ERROR]  L'attribut « référence » a déjà la valeur « AG7-6 » qui ne sera pas remplacée par « AG7-23 ».
ERROR:root:L'attribut « source » a déjà la valeur « Edgar + livre Poiss-NC-NH » qui ne sera pas remplacée par « Edgar + livre Polynésie 3 ».
2017-04-14 18:59:22,629 [ERROR]  L'attribut « source » a déjà la valeur « Edgar + livre Poiss-NC-NH » qui ne sera pas remplacée par « Edgar + livre Polynésie 3 ».
ERROR:root:L'attribut « phonétique » a déjà la valeur « ɛn » qui ne sera pas remplacée par « ɛ ».
2017-04-14 18:59:22,631 [ERROR]  L'attribut « phonétique » a déjà la valeur « ɛn » qui ne sera pas remplacée par « ɛ ».
ERROR:root:L'entité « étymologie » à mettre à jour n'existe pas.
2017-04-14 18:59:22,655 [ERROR]  L'entité « étymologie » à mettre à jour n'existe pas.
ERROR:root:L'entité « étymologie » à mettre à jour n'existe pas.
2017-04-14 18:59:22,666 [ERROR]  L'entité « étymologie » à mettre à jour n'existe pas.
ERROR:root:L'entité « étymologie » à mettre à jour n'existe pas.
2017-04-14 18:59:22,666 [ERROR]  L'entité « étymologie » à mettre à jour n'existe pas.
ERROR:root:L'attribut « référence » a déjà la valeur « Wheatley-253 » qui ne sera pas remplacée par « AG7-11 ».
2017-04-14 18:59:22,696 [ERROR]  L'attribut « référence » a déjà la valeur « Wheatley-253 » qui ne sera pas remplacée par « AG7-11 ».
ERROR:root:L'attribut « référence » a déjà la valeur « AG4-35 » qui ne sera pas remplacée par « AP10-3 & 4 !!!!; AP10-46; AP95 ».
2017-04-14 18:59:22,699 [ERROR]  L'attribut « référence » a déjà la valeur « AG4-35 » qui ne sera pas remplacée par « AP10-3 & 4 !!!!; AP10-46; AP95 ».
ERROR:root:L'entité « étymologie » à mettre à jour n'existe pas.
2017-04-14 18:59:22,722 [ERROR]  L'entité « étymologie » à mettre à jour n'existe pas.
ERROR:root:L'entité « étymologie » à mettre à jour n'existe pas.
2017-04-14 18:59:22,756 [ERROR]  L'entité « étymologie » à mettre à jour n'existe pas.
ERROR:root:L'entité « étymologie » à mettre à jour n'existe pas.
2017-04-14 18:59:22,756 [ERROR]  L'entité « étymologie » à mettre à jour n'existe pas.
ERROR:root:L'entité « étymologie » à mettre à jour n'existe pas.
2017-04-14 18:59:22,756 [ERROR]  L'entité « étymologie » à mettre à jour n'existe pas.
ERROR:root:L'attribut « référence » a déjà la valeur « alx » qui ne sera pas remplacée par « 2005! ».
2017-04-14 18:59:22,789 [ERROR]  L'attribut « référence » a déjà la valeur « alx » qui ne sera pas remplacée par « 2005! ».
ERROR:root:L'entité « étymologie » à mettre à jour n'existe pas.
2017-04-14 18:59:22,793 [ERROR]  L'entité « étymologie » à mettre à jour n'existe pas.
ERROR:root:L'attribut « source » a déjà la valeur « Milton, Moses ; Marina » qui ne sera pas remplacée par « Edgar + livre Poiss-NC-NH ».
2017-04-14 18:59:22,817 [ERROR]  L'attribut « source » a déjà la valeur « Milton, Moses ; Marina » qui ne sera pas remplacée par « Edgar + livre Poiss-NC-NH ».
ERROR:root:L'entité « étymologie » à mettre à jour n'existe pas.
2017-04-14 18:59:22,837 [ERROR]  L'entité « étymologie » à mettre à jour n'existe pas.
ERROR:root:L'entité « étymologie » à mettre à jour n'existe pas.
2017-04-14 18:59:22,857 [ERROR]  L'entité « étymologie » à mettre à jour n'existe pas.
ERROR:root:L'entité « étymologie » à mettre à jour n'existe pas.
2017-04-14 18:59:22,857 [ERROR]  L'entité « étymologie » à mettre à jour n'existe pas.
ERROR:root:L'entité « étymologie » à mettre à jour n'existe pas.
2017-04-14 18:59:22,860 [ERROR]  L'entité « étymologie » à mettre à jour n'existe pas.
ERROR:root:L'attribut « source » a déjà la valeur « Edgar + livre Poiss-NC-NH » qui ne sera pas remplacée par « Edgar + livre Poiss-NC-NH ».
2017-04-14 18:59:22,862 [ERROR]  L'attribut « source » a déjà la valeur « Edgar + livre Poiss-NC-NH » qui ne sera pas remplacée par « Edgar + livre Poiss-NC-NH ».
ERROR:root:L'attribut « référence » a déjà la valeur « AP5-50 » qui ne sera pas remplacée par « AG3-105 ».
2017-04-14 18:59:22,864 [ERROR]  L'attribut « référence » a déjà la valeur « AP5-50 » qui ne sera pas remplacée par « AG3-105 ».
ERROR:root:L'entité « étymologie » à mettre à jour n'existe pas.
2017-04-14 18:59:22,886 [ERROR]  L'entité « étymologie » à mettre à jour n'existe pas.
ERROR:root:L'entité « étymologie » à mettre à jour n'existe pas.
2017-04-14 18:59:22,894 [ERROR]  L'entité « étymologie » à mettre à jour n'existe pas.
ERROR:root:L'attribut « reduplication » a déjà la valeur « geygey » qui ne sera pas remplacée par « geygey hay ».
2017-04-14 18:59:22,902 [ERROR]  L'attribut « reduplication » a déjà la valeur « geygey » qui ne sera pas remplacée par « geygey hay ».
ERROR:root:L'attribut « référence » a déjà la valeur « AG5-118 ; cf. AG4-119 = Orstom 23 » qui ne sera pas remplacée par « AG7-9/10/19 ».
2017-04-14 18:59:22,923 [ERROR]  L'attribut « référence » a déjà la valeur « AG5-118 ; cf. AG4-119 = Orstom 23 » qui ne sera pas remplacée par « AG7-9/10/19 ».
ERROR:root:L'attribut « source » a déjà la valeur « Milton, Moses » qui ne sera pas remplacée par « Edgar + livre Poiss-NC-NH ».
2017-04-14 18:59:22,923 [ERROR]  L'attribut « source » a déjà la valeur « Milton, Moses » qui ne sera pas remplacée par « Edgar + livre Poiss-NC-NH ».
ERROR:root:L'entité « étymologie » à mettre à jour n'existe pas.
2017-04-14 18:59:22,943 [ERROR]  L'entité « étymologie » à mettre à jour n'existe pas.
ERROR:root:L'entité « étymologie » à mettre à jour n'existe pas.
2017-04-14 18:59:22,952 [ERROR]  L'entité « étymologie » à mettre à jour n'existe pas.
ERROR:root:L'attribut « référence » a déjà la valeur « Bregulla 3-1 » qui ne sera pas remplacée par « AG3-122 ; AG4-90 ».
2017-04-14 18:59:22,967 [ERROR]  L'attribut « référence » a déjà la valeur « Bregulla 3-1 » qui ne sera pas remplacée par « AG3-122 ; AG4-90 ».
ERROR:root:L'attribut « source » a déjà la valeur « Edgar + livre Poiss-NC-NH » qui ne sera pas remplacée par « Milton, Moses ; Smith Nice ».
2017-04-14 18:59:23,015 [ERROR]  L'attribut « source » a déjà la valeur « Edgar + livre Poiss-NC-NH » qui ne sera pas remplacée par « Milton, Moses ; Smith Nice ».
ERROR:root:L'attribut « référence » a déjà la valeur « AP4-52 : nô-gôyê-n » qui ne sera pas remplacée par « AP4-52 ».
2017-04-14 18:59:23,022 [ERROR]  L'attribut « référence » a déjà la valeur « AP4-52 : nô-gôyê-n » qui ne sera pas remplacée par « AP4-52 ».
ERROR:root:L'entité « étymologie » à mettre à jour n'existe pas.
2017-04-14 18:59:23,039 [ERROR]  L'entité « étymologie » à mettre à jour n'existe pas.
ERROR:root:L'attribut « référence » a déjà la valeur « AG4-79 » qui ne sera pas remplacée par « AG4-79 ».
2017-04-14 18:59:23,071 [ERROR]  L'attribut « référence » a déjà la valeur « AG4-79 » qui ne sera pas remplacée par « AG4-79 ».
ERROR:root:L'attribut « source » a déjà la valeur « Lexicon of POc - I - p.216 » qui ne sera pas remplacée par « http://www.fijilive.com/fijimagic/view.php?mlx=1&st=4 ».
2017-04-14 18:59:23,099 [ERROR]  L'attribut « source » a déjà la valeur « Lexicon of POc - I - p.216 » qui ne sera pas remplacée par « http://www.fijilive.com/fijimagic/view.php?mlx=1&st=4 ».
ERROR:root:L'entité « étymologie » à mettre à jour n'existe pas.
2017-04-14 18:59:23,107 [ERROR]  L'entité « étymologie » à mettre à jour n'existe pas.
ERROR:root:L'entité « étymologie » à mettre à jour n'existe pas.
2017-04-14 18:59:23,107 [ERROR]  L'entité « étymologie » à mettre à jour n'existe pas.
ERROR:root:L'attribut « référence » a déjà la valeur « AG1-99 » qui ne sera pas remplacée par « AG2-13 ».
2017-04-14 18:59:23,136 [ERROR]  L'attribut « référence » a déjà la valeur « AG1-99 » qui ne sera pas remplacée par « AG2-13 ».
ERROR:root:L'entité « étymologie » à mettre à jour n'existe pas.
2017-04-14 18:59:23,152 [ERROR]  L'entité « étymologie » à mettre à jour n'existe pas.
ERROR:root:L'attribut « phonétique » a déjà la valeur « hɪw » qui ne sera pas remplacée par « hɪwɔj ».
2017-04-14 18:59:23,170 [ERROR]  L'attribut « phonétique » a déjà la valeur « hɪw » qui ne sera pas remplacée par « hɪwɔj ».
ERROR:root:L'attribut « reduplication » a déjà la valeur « hēyhēywē » qui ne sera pas remplacée par « hiyhiywē ».
2017-04-14 18:59:23,172 [ERROR]  L'attribut « reduplication » a déjà la valeur « hēyhēywē » qui ne sera pas remplacée par « hiyhiywē ».
ERROR:root:L'attribut « phonétique » a déjà la valeur « hiɣɔj » qui ne sera pas remplacée par « hiɣɔj ».
2017-04-14 18:59:23,180 [ERROR]  L'attribut « phonétique » a déjà la valeur « hiɣɔj » qui ne sera pas remplacée par « hiɣɔj ».
ERROR:root:L'attribut « référence » a déjà la valeur « AP9-06 » qui ne sera pas remplacée par « AP9-06 ».
2017-04-14 18:59:23,221 [ERROR]  L'attribut « référence » a déjà la valeur « AP9-06 » qui ne sera pas remplacée par « AP9-06 ».
ERROR:root:L'attribut « référence » a déjà la valeur « AG3-190 ; AG5-80 (Mwesen) » qui ne sera pas remplacée par « Orstom n°11 ».
2017-04-14 18:59:23,249 [ERROR]  L'attribut « référence » a déjà la valeur « AG3-190 ; AG5-80 (Mwesen) » qui ne sera pas remplacée par « Orstom n°11 ».
ERROR:root:L'attribut « référence » a déjà la valeur « AG3-190 ; AG5-80 (Mwesen) » qui ne sera pas remplacée par « AG5-118 ».
2017-04-14 18:59:23,249 [ERROR]  L'attribut « référence » a déjà la valeur « AG3-190 ; AG5-80 (Mwesen) » qui ne sera pas remplacée par « AG5-118 ».
ERROR:root:L'attribut « référence » a déjà la valeur « AG3-190 ; AG5-80 (Mwesen) » qui ne sera pas remplacée par « AG1-147 ».
2017-04-14 18:59:23,250 [ERROR]  L'attribut « référence » a déjà la valeur « AG3-190 ; AG5-80 (Mwesen) » qui ne sera pas remplacée par « AG1-147 ».
ERROR:root:L'attribut « source » a déjà la valeur « Milton, Moses » qui ne sera pas remplacée par « Smith Nice ».
2017-04-14 18:59:23,250 [ERROR]  L'attribut « source » a déjà la valeur « Milton, Moses » qui ne sera pas remplacée par « Smith Nice ».
ERROR:root:L'attribut « référence » a déjà la valeur « AG3-190 ; AG5-80 (Mwesen) » qui ne sera pas remplacée par « Orstom n°9 ».
2017-04-14 18:59:23,250 [ERROR]  L'attribut « référence » a déjà la valeur « AG3-190 ; AG5-80 (Mwesen) » qui ne sera pas remplacée par « Orstom n°9 ».
ERROR:root:L'attribut « source » a déjà la valeur « Milton, Moses » qui ne sera pas remplacée par « Edga + G7-2 ».
2017-04-14 18:59:23,250 [ERROR]  L'attribut « source » a déjà la valeur « Milton, Moses » qui ne sera pas remplacée par « Edga + G7-2 ».
ERROR:root:L'attribut « source » a déjà la valeur « Milton, Moses » qui ne sera pas remplacée par « Edgar + livre Poiss-NC-NH ».
2017-04-14 18:59:23,251 [ERROR]  L'attribut « source » a déjà la valeur « Milton, Moses » qui ne sera pas remplacée par « Edgar + livre Poiss-NC-NH ».
ERROR:root:L'attribut « reduplication » a déjà la valeur « iimam » qui ne sera pas remplacée par « imamam ».
2017-04-14 18:59:23,288 [ERROR]  L'attribut « reduplication » a déjà la valeur « iimam » qui ne sera pas remplacée par « imamam ».
ERROR:root:L'attribut « référence » a déjà la valeur « AP11-37 » qui ne sera pas remplacée par « AP6-34 ».
2017-04-14 18:59:23,288 [ERROR]  L'attribut « référence » a déjà la valeur « AP11-37 » qui ne sera pas remplacée par « AP6-34 ».
ERROR:root:L'attribut « référence » a déjà la valeur « Wheatley 253 ; AG4-118 » qui ne sera pas remplacée par « AP3-70 ».
2017-04-14 18:59:23,303 [ERROR]  L'attribut « référence » a déjà la valeur « Wheatley 253 ; AG4-118 » qui ne sera pas remplacée par « AP3-70 ».
ERROR:root:L'entité « étymologie » à mettre à jour n'existe pas.
2017-04-14 18:59:23,311 [ERROR]  L'entité « étymologie » à mettre à jour n'existe pas.
ERROR:root:L'entité « étymologie » à mettre à jour n'existe pas.
2017-04-14 18:59:23,311 [ERROR]  L'entité « étymologie » à mettre à jour n'existe pas.
ERROR:root:L'attribut « reduplication » a déjà la valeur « iitat » qui ne sera pas remplacée par « itatat ».
2017-04-14 18:59:23,316 [ERROR]  L'attribut « reduplication » a déjà la valeur « iitat » qui ne sera pas remplacée par « itatat ».
ERROR:root:L'attribut « référence » a déjà la valeur « AP11-37 » qui ne sera pas remplacée par « AP6-34 ».
2017-04-14 18:59:23,316 [ERROR]  L'attribut « référence » a déjà la valeur « AP11-37 » qui ne sera pas remplacée par « AP6-34 ».
ERROR:root:L'attribut « reduplication » a déjà la valeur « kakal lō » qui ne sera pas remplacée par « kalkal lō ».
2017-04-14 18:59:23,346 [ERROR]  L'attribut « reduplication » a déjà la valeur « kakal lō » qui ne sera pas remplacée par « kalkal lō ».
ERROR:root:L'attribut « source » a déjà la valeur « Edgar + livre Poiss-NC-NH » qui ne sera pas remplacée par « Edgar + livre Poiss-NC-NH ».
2017-04-14 18:59:23,367 [ERROR]  L'attribut « source » a déjà la valeur « Edgar + livre Poiss-NC-NH » qui ne sera pas remplacée par « Edgar + livre Poiss-NC-NH ».
ERROR:root:L'attribut « référence » a déjà la valeur « Bregulla 11-1 » qui ne sera pas remplacée par « BAG1; corrige AAG3-122 ».
2017-04-14 18:59:23,368 [ERROR]  L'attribut « référence » a déjà la valeur « Bregulla 11-1 » qui ne sera pas remplacée par « BAG1; corrige AAG3-122 ».
ERROR:root:L'attribut « référence » a déjà la valeur « ode-alx:032 » qui ne sera pas remplacée par « Email Lobu 2014-10-19 ».
2017-04-14 18:59:23,398 [ERROR]  L'attribut « référence » a déjà la valeur « ode-alx:032 » qui ne sera pas remplacée par « Email Lobu 2014-10-19 ».
ERROR:root:L'attribut « source » a déjà la valeur « Hansel » qui ne sera pas remplacée par « Hagêt ».
2017-04-14 18:59:23,421 [ERROR]  L'attribut « source » a déjà la valeur « Hansel » qui ne sera pas remplacée par « Hagêt ».
ERROR:root:L'attribut « référence » a déjà la valeur « AG7-44 » qui ne sera pas remplacée par « AG4-110 ! ».
2017-04-14 18:59:23,424 [ERROR]  L'attribut « référence » a déjà la valeur « AG7-44 » qui ne sera pas remplacée par « AG4-110 ! ».
ERROR:root:L'attribut « source » a déjà la valeur « Edgar » qui ne sera pas remplacée par « Womayok & Edgar ».
2017-04-14 18:59:23,424 [ERROR]  L'attribut « source » a déjà la valeur « Edgar » qui ne sera pas remplacée par « Womayok & Edgar ».
ERROR:root:L'attribut « source » a déjà la valeur « Serel, 01'41" de BD01-29 » qui ne sera pas remplacée par « Serel, 01'41" de BD01-29 ».
2017-04-14 18:59:23,452 [ERROR]  L'attribut « source » a déjà la valeur « Serel, 01'41" de BD01-29 » qui ne sera pas remplacée par « Serel, 01'41" de BD01-29 ».
ERROR:root:L'entité « étymologie » à mettre à jour n'existe pas.
2017-04-14 18:59:23,453 [ERROR]  L'entité « étymologie » à mettre à jour n'existe pas.
ERROR:root:L'entité « étymologie » à mettre à jour n'existe pas.
2017-04-14 18:59:23,453 [ERROR]  L'entité « étymologie » à mettre à jour n'existe pas.
ERROR:root:L'entité « étymologie » à mettre à jour n'existe pas.
2017-04-14 18:59:23,454 [ERROR]  L'entité « étymologie » à mettre à jour n'existe pas.
ERROR:root:L'entité « étymologie » à mettre à jour n'existe pas.
2017-04-14 18:59:23,471 [ERROR]  L'entité « étymologie » à mettre à jour n'existe pas.
ERROR:root:L'attribut « référence » a déjà la valeur « AG4-92 » qui ne sera pas remplacée par « AG7-2 ».
2017-04-14 18:59:23,487 [ERROR]  L'attribut « référence » a déjà la valeur « AG4-92 » qui ne sera pas remplacée par « AG7-2 ».
ERROR:root:L'attribut « source » a déjà la valeur « Moses » qui ne sera pas remplacée par « Edgar + livre Poiss-NC-NH ».
2017-04-14 18:59:23,488 [ERROR]  L'attribut « source » a déjà la valeur « Moses » qui ne sera pas remplacée par « Edgar + livre Poiss-NC-NH ».
ERROR:root:L'entité « étymologie » à mettre à jour n'existe pas.
2017-04-14 18:59:23,496 [ERROR]  L'entité « étymologie » à mettre à jour n'existe pas.
ERROR:root:L'entité « étymologie » à mettre à jour n'existe pas.
2017-04-14 18:59:23,516 [ERROR]  L'entité « étymologie » à mettre à jour n'existe pas.
ERROR:root:L'entité « étymologie » à mettre à jour n'existe pas.
2017-04-14 18:59:23,539 [ERROR]  L'entité « étymologie » à mettre à jour n'existe pas.
ERROR:root:L'entité « étymologie » à mettre à jour n'existe pas.
2017-04-14 18:59:23,540 [ERROR]  L'entité « étymologie » à mettre à jour n'existe pas.
ERROR:root:L'attribut « morphologie » a déjà la valeur « t[e]kel » qui ne sera pas remplacée par « lo ».
2017-04-14 18:59:23,553 [ERROR]  L'attribut « morphologie » a déjà la valeur « t[e]kel » qui ne sera pas remplacée par « lo ».
ERROR:root:L'entité « étymologie » à mettre à jour n'existe pas.
2017-04-14 18:59:23,567 [ERROR]  L'entité « étymologie » à mettre à jour n'existe pas.
ERROR:root:L'attribut « référence » a déjà la valeur « AG3-134! » qui ne sera pas remplacée par « AG3-134! ».
2017-04-14 18:59:23,578 [ERROR]  L'attribut « référence » a déjà la valeur « AG3-134! » qui ne sera pas remplacée par « AG3-134! ».
ERROR:root:L'entité « étymologie » à mettre à jour n'existe pas.
2017-04-14 18:59:23,601 [ERROR]  L'entité « étymologie » à mettre à jour n'existe pas.
ERROR:root:L'entité « étymologie » à mettre à jour n'existe pas.
2017-04-14 18:59:23,610 [ERROR]  L'entité « étymologie » à mettre à jour n'existe pas.
ERROR:root:L'entité « étymologie » à mettre à jour n'existe pas.
2017-04-14 18:59:23,611 [ERROR]  L'entité « étymologie » à mettre à jour n'existe pas.
ERROR:root:L'entité « étymologie » à mettre à jour n'existe pas.
2017-04-14 18:59:23,611 [ERROR]  L'entité « étymologie » à mettre à jour n'existe pas.
ERROR:root:L'attribut « référence » a déjà la valeur « AP4-03 » qui ne sera pas remplacée par « AG7-07 ».
2017-04-14 18:59:23,682 [ERROR]  L'attribut « référence » a déjà la valeur « AP4-03 » qui ne sera pas remplacée par « AG7-07 ».
ERROR:root:L'attribut « source » a déjà la valeur « Womayok » qui ne sera pas remplacée par « Edgar + livre Poiss-NC-NH ».
2017-04-14 18:59:23,683 [ERROR]  L'attribut « source » a déjà la valeur « Womayok » qui ne sera pas remplacée par « Edgar + livre Poiss-NC-NH ».
ERROR:root:L'attribut « référence » a déjà la valeur « AP4-03 » qui ne sera pas remplacée par « AP4-03 ».
2017-04-14 18:59:23,683 [ERROR]  L'attribut « référence » a déjà la valeur « AP4-03 » qui ne sera pas remplacée par « AP4-03 ».
ERROR:root:L'attribut « référence » a déjà la valeur « Bregulla 5-4 » qui ne sera pas remplacée par « AG3-122 ».
2017-04-14 18:59:23,724 [ERROR]  L'attribut « référence » a déjà la valeur « Bregulla 5-4 » qui ne sera pas remplacée par « AG3-122 ».
ERROR:root:L'attribut « référence » a déjà la valeur « AG3-122 » qui ne sera pas remplacée par « AP4-64 ».
2017-04-14 18:59:23,738 [ERROR]  L'attribut « référence » a déjà la valeur « AG3-122 » qui ne sera pas remplacée par « AP4-64 ».
ERROR:root:L'attribut « référence » a déjà la valeur « AG5-117 » qui ne sera pas remplacée par « Wheatley 253 ».
2017-04-14 18:59:23,742 [ERROR]  L'attribut « référence » a déjà la valeur « AG5-117 » qui ne sera pas remplacée par « Wheatley 253 ».
ERROR:root:L'attribut « référence » a déjà la valeur « AG3-122 » qui ne sera pas remplacée par « Bregulla 10-1 ».
2017-04-14 18:59:23,747 [ERROR]  L'attribut « référence » a déjà la valeur « AG3-122 » qui ne sera pas remplacée par « Bregulla 10-1 ».
ERROR:root:L'attribut « référence » a déjà la valeur « AG3-122 » qui ne sera pas remplacée par « Bregulla 10-2 ».
2017-04-14 18:59:23,747 [ERROR]  L'attribut « référence » a déjà la valeur « AG3-122 » qui ne sera pas remplacée par « Bregulla 10-2 ».
ERROR:root:L'attribut « référence » a déjà la valeur « AG3-122 » qui ne sera pas remplacée par « Bregulla 10-3 ».
2017-04-14 18:59:23,748 [ERROR]  L'attribut « référence » a déjà la valeur « AG3-122 » qui ne sera pas remplacée par « Bregulla 10-3 ».
ERROR:root:L'attribut « référence » a déjà la valeur « Bregulla 8-4 » qui ne sera pas remplacée par « AG3-122, AG1-146 ».
2017-04-14 18:59:23,751 [ERROR]  L'attribut « référence » a déjà la valeur « Bregulla 8-4 » qui ne sera pas remplacée par « AG3-122, AG1-146 ».
ERROR:root:L'attribut « référence » a déjà la valeur « xx, cf. AG3-101 » qui ne sera pas remplacée par « AG3-130 ».
2017-04-14 18:59:23,797 [ERROR]  L'attribut « référence » a déjà la valeur « xx, cf. AG3-101 » qui ne sera pas remplacée par « AG3-130 ».
ERROR:root:L'attribut « source » a déjà la valeur « Moses » qui ne sera pas remplacée par « Edgar + livre Poiss-NC-NH ».
2017-04-14 18:59:23,817 [ERROR]  L'attribut « source » a déjà la valeur « Moses » qui ne sera pas remplacée par « Edgar + livre Poiss-NC-NH ».
ERROR:root:L'attribut « source » a déjà la valeur « Moses » qui ne sera pas remplacée par « Edgar + livre Poiss-NC-NH ».
2017-04-14 18:59:23,818 [ERROR]  L'attribut « source » a déjà la valeur « Moses » qui ne sera pas remplacée par « Edgar + livre Poiss-NC-NH ».
ERROR:root:L'attribut « référence » a déjà la valeur « AG3-148 » qui ne sera pas remplacée par « AG7-14 ».
2017-04-14 18:59:23,820 [ERROR]  L'attribut « référence » a déjà la valeur « AG3-148 » qui ne sera pas remplacée par « AG7-14 ».
ERROR:root:L'attribut « source » a déjà la valeur « Moses » qui ne sera pas remplacée par « Edgar + livre Poiss-NC-NH ».
2017-04-14 18:59:23,820 [ERROR]  L'attribut « source » a déjà la valeur « Moses » qui ne sera pas remplacée par « Edgar + livre Poiss-NC-NH ».
ERROR:root:L'attribut « référence » a déjà la valeur « AG3-148 » qui ne sera pas remplacée par « AG7-14 ».
2017-04-14 18:59:23,820 [ERROR]  L'attribut « référence » a déjà la valeur « AG3-148 » qui ne sera pas remplacée par « AG7-14 ».
ERROR:root:L'attribut « source » a déjà la valeur « Moses » qui ne sera pas remplacée par « Edgar + livre Poiss-NC-NH ».
2017-04-14 18:59:23,821 [ERROR]  L'attribut « source » a déjà la valeur « Moses » qui ne sera pas remplacée par « Edgar + livre Poiss-NC-NH ».
ERROR:root:L'attribut « référence » a déjà la valeur « Bregulla 1-5 » qui ne sera pas remplacée par « AG3-122 ».
2017-04-14 18:59:23,860 [ERROR]  L'attribut « référence » a déjà la valeur « Bregulla 1-5 » qui ne sera pas remplacée par « AG3-122 ».
ERROR:root:L'attribut « référence » a déjà la valeur « Bregulla 1-1, p.97 » qui ne sera pas remplacée par « AG4-90 (timbre à 75 VT) ».
2017-04-14 18:59:23,862 [ERROR]  L'attribut « référence » a déjà la valeur « Bregulla 1-1, p.97 » qui ne sera pas remplacée par « AG4-90 (timbre à 75 VT) ».
ERROR:root:L'attribut « référence » a déjà la valeur « Bregulla 1-1, p.97 » qui ne sera pas remplacée par « Bregulla 2-6 ».
2017-04-14 18:59:23,863 [ERROR]  L'attribut « référence » a déjà la valeur « Bregulla 1-1, p.97 » qui ne sera pas remplacée par « Bregulla 2-6 ».
ERROR:root:L'attribut « référence » a déjà la valeur « Bregulla 1-1, p.97 » qui ne sera pas remplacée par « AG3-122 ; AG1-146 ».
2017-04-14 18:59:23,863 [ERROR]  L'attribut « référence » a déjà la valeur « Bregulla 1-1, p.97 » qui ne sera pas remplacée par « AG3-122 ; AG1-146 ».
ERROR:root:L'attribut « référence bibliographique » a déjà la valeur « Bregulla p.97 » qui ne sera pas remplacée par « Bregulla p.83 ».
2017-04-14 18:59:23,863 [ERROR]  L'attribut « référence bibliographique » a déjà la valeur « Bregulla p.97 » qui ne sera pas remplacée par « Bregulla p.83 ».
ERROR:root:L'attribut « référence » a déjà la valeur « Bregulla 1-4 p.81 » qui ne sera pas remplacée par « AG3-122, Mango ».
2017-04-14 18:59:23,866 [ERROR]  L'attribut « référence » a déjà la valeur « Bregulla 1-4 p.81 » qui ne sera pas remplacée par « AG3-122, Mango ».
ERROR:root:L'attribut « référence » a déjà la valeur « Bregulla 1-4 p.81 » qui ne sera pas remplacée par « Bregulla 2-5 p.107 ».
2017-04-14 18:59:23,867 [ERROR]  L'attribut « référence » a déjà la valeur « Bregulla 1-4 p.81 » qui ne sera pas remplacée par « Bregulla 2-5 p.107 ».
ERROR:root:L'attribut « référence » a déjà la valeur « Bregulla 1-4 p.81 » qui ne sera pas remplacée par « AG1-146, Hagêt ».
2017-04-14 18:59:23,867 [ERROR]  L'attribut « référence » a déjà la valeur « Bregulla 1-4 p.81 » qui ne sera pas remplacée par « AG1-146, Hagêt ».
ERROR:root:L'attribut « référence bibliographique » a déjà la valeur « Bregulla p.81 » qui ne sera pas remplacée par « Bregulla p.107 ».
2017-04-14 18:59:23,867 [ERROR]  L'attribut « référence bibliographique » a déjà la valeur « Bregulla p.81 » qui ne sera pas remplacée par « Bregulla p.107 ».
ERROR:root:L'attribut « référence » a déjà la valeur « Bregulla 7-3 » qui ne sera pas remplacée par « AG3-122 ».
2017-04-14 18:59:23,868 [ERROR]  L'attribut « référence » a déjà la valeur « Bregulla 7-3 » qui ne sera pas remplacée par « AG3-122 ».
ERROR:root:L'attribut « référence » a déjà la valeur « Bregulla 8-5 » qui ne sera pas remplacée par « AG3-122, AG1-146 ».
2017-04-14 18:59:23,872 [ERROR]  L'attribut « référence » a déjà la valeur « Bregulla 8-5 » qui ne sera pas remplacée par « AG3-122, AG1-146 ».
ERROR:root:L'attribut « source » a déjà la valeur « Moses » qui ne sera pas remplacée par « Moses ; Trevor, soirée kava... = P4-57 ».
2017-04-14 18:59:23,880 [ERROR]  L'attribut « source » a déjà la valeur « Moses » qui ne sera pas remplacée par « Moses ; Trevor, soirée kava... = P4-57 ».
ERROR:root:L'attribut « référence » a déjà la valeur « AP5-76 » qui ne sera pas remplacée par « AP5-16 ».
2017-04-14 18:59:23,917 [ERROR]  L'attribut « référence » a déjà la valeur « AP5-76 » qui ne sera pas remplacée par « AP5-16 ».
ERROR:root:L'entité « étymologie » à mettre à jour n'existe pas.
2017-04-14 18:59:23,921 [ERROR]  L'entité « étymologie » à mettre à jour n'existe pas.
ERROR:root:L'entité « étymologie » à mettre à jour n'existe pas.
2017-04-14 18:59:23,922 [ERROR]  L'entité « étymologie » à mettre à jour n'existe pas.
ERROR:root:L'entité « étymologie » à mettre à jour n'existe pas.
2017-04-14 18:59:23,935 [ERROR]  L'entité « étymologie » à mettre à jour n'existe pas.
ERROR:root:L'attribut « référence » a déjà la valeur « Bregulla 9-7 » qui ne sera pas remplacée par « AG3-122 ».
2017-04-14 18:59:23,938 [ERROR]  L'attribut « référence » a déjà la valeur « Bregulla 9-7 » qui ne sera pas remplacée par « AG3-122 ».
ERROR:root:L'entité « étymologie » à mettre à jour n'existe pas.
2017-04-14 18:59:24,026 [ERROR]  L'entité « étymologie » à mettre à jour n'existe pas.
ERROR:root:L'entité « étymologie » à mettre à jour n'existe pas.
2017-04-14 18:59:24,038 [ERROR]  L'entité « étymologie » à mettre à jour n'existe pas.
ERROR:root:L'entité « étymologie » à mettre à jour n'existe pas.
2017-04-14 18:59:24,039 [ERROR]  L'entité « étymologie » à mettre à jour n'existe pas.
ERROR:root:L'entité « étymologie » à mettre à jour n'existe pas.
2017-04-14 18:59:24,047 [ERROR]  L'entité « étymologie » à mettre à jour n'existe pas.
ERROR:root:L'attribut « référence » a déjà la valeur « Wheatley 253 » qui ne sera pas remplacée par « AG1-55 ».
2017-04-14 18:59:24,055 [ERROR]  L'attribut « référence » a déjà la valeur « Wheatley 253 » qui ne sera pas remplacée par « AG1-55 ».
ERROR:root:L'attribut « référence » a déjà la valeur « Bregulla 8-8 » qui ne sera pas remplacée par « AG3-122 ».
2017-04-14 18:59:24,067 [ERROR]  L'attribut « référence » a déjà la valeur « Bregulla 8-8 » qui ne sera pas remplacée par « AG3-122 ».
ERROR:root:L'attribut « référence » a déjà la valeur « Bregulla 8-8 » qui ne sera pas remplacée par « AG3-75, 76, 80 ».
2017-04-14 18:59:24,068 [ERROR]  L'attribut « référence » a déjà la valeur « Bregulla 8-8 » qui ne sera pas remplacée par « AG3-75, 76, 80 ».
ERROR:root:L'entité « étymologie » à mettre à jour n'existe pas.
2017-04-14 18:59:24,073 [ERROR]  L'entité « étymologie » à mettre à jour n'existe pas.
ERROR:root:L'attribut « référence » a déjà la valeur « K8-7, K11-6, K26-2 ; K3-20 » qui ne sera pas remplacée par « AG3-31 ».
2017-04-14 18:59:24,076 [ERROR]  L'attribut « référence » a déjà la valeur « K8-7, K11-6, K26-2 ; K3-20 » qui ne sera pas remplacée par « AG3-31 ».
ERROR:root:L'attribut « référence » a déjà la valeur « Bregulla 9-1 » qui ne sera pas remplacée par « AG3-122; AG1-146 ».
2017-04-14 18:59:24,095 [ERROR]  L'attribut « référence » a déjà la valeur « Bregulla 9-1 » qui ne sera pas remplacée par « AG3-122; AG1-146 ».
ERROR:root:L'attribut « référence » a déjà la valeur « Bregulla 9-1 » qui ne sera pas remplacée par « Bregulla 9-2 ».
2017-04-14 18:59:24,095 [ERROR]  L'attribut « référence » a déjà la valeur « Bregulla 9-1 » qui ne sera pas remplacée par « Bregulla 9-2 ».
ERROR:root:L'attribut « référence » a déjà la valeur « Bregulla 9-1 » qui ne sera pas remplacée par « AG3-122 ».
2017-04-14 18:59:24,096 [ERROR]  L'attribut « référence » a déjà la valeur « Bregulla 9-1 » qui ne sera pas remplacée par « AG3-122 ».
ERROR:root:L'attribut « référence bibliographique » a déjà la valeur « Bregulla p.250 » qui ne sera pas remplacée par « Bregulla p.252 ».
2017-04-14 18:59:24,096 [ERROR]  L'attribut « référence bibliographique » a déjà la valeur « Bregulla p.250 » qui ne sera pas remplacée par « Bregulla p.252 ».
ERROR:root:L'entité « étymologie » à mettre à jour n'existe pas.
2017-04-14 18:59:24,102 [ERROR]  L'entité « étymologie » à mettre à jour n'existe pas.
ERROR:root:L'entité « étymologie » à mettre à jour n'existe pas.
2017-04-14 18:59:24,111 [ERROR]  L'entité « étymologie » à mettre à jour n'existe pas.
ERROR:root:L'attribut « référence » a déjà la valeur « Wheatley-253 ; Vienne-586 » qui ne sera pas remplacée par « AG3-118 ».
2017-04-14 18:59:24,148 [ERROR]  L'attribut « référence » a déjà la valeur « Wheatley-253 ; Vienne-586 » qui ne sera pas remplacée par « AG3-118 ».
ERROR:root:L'attribut « référence » a déjà la valeur « AG3-119 » qui ne sera pas remplacée par « AG3-119 ».
2017-04-14 18:59:24,149 [ERROR]  L'attribut « référence » a déjà la valeur « AG3-119 » qui ne sera pas remplacée par « AG3-119 ».
ERROR:root:L'attribut « référence » a déjà la valeur « AG4-27 » qui ne sera pas remplacée par « AG3-17 ».
2017-04-14 18:59:24,166 [ERROR]  L'attribut « référence » a déjà la valeur « AG4-27 » qui ne sera pas remplacée par « AG3-17 ».
ERROR:root:L'entité « étymologie » à mettre à jour n'existe pas.
2017-04-14 18:59:24,212 [ERROR]  L'entité « étymologie » à mettre à jour n'existe pas.
ERROR:root:L'attribut « phonétique » a déjà la valeur « niŋi » qui ne sera pas remplacée par « nɪŋɪ ».
2017-04-14 18:59:24,225 [ERROR]  L'attribut « phonétique » a déjà la valeur « niŋi » qui ne sera pas remplacée par « nɪŋɪ ».
ERROR:root:L'attribut « référence » a déjà la valeur « AG5-119 ; AG1-157 » qui ne sera pas remplacée par « AG7-4 ».
2017-04-14 18:59:24,234 [ERROR]  L'attribut « référence » a déjà la valeur « AG5-119 ; AG1-157 » qui ne sera pas remplacée par « AG7-4 ».
ERROR:root:L'attribut « source » a déjà la valeur « Milton, Moses ; Smith Nice » qui ne sera pas remplacée par « Edgar + livre Poiss-NC-NH ».
2017-04-14 18:59:24,234 [ERROR]  L'attribut « source » a déjà la valeur « Milton, Moses ; Smith Nice » qui ne sera pas remplacée par « Edgar + livre Poiss-NC-NH ».
ERROR:root:L'attribut « référence » a déjà la valeur « AG5-119 ; AG1-157 » qui ne sera pas remplacée par « AG7-3/feuille ».
2017-04-14 18:59:24,234 [ERROR]  L'attribut « référence » a déjà la valeur « AG5-119 ; AG1-157 » qui ne sera pas remplacée par « AG7-3/feuille ».
ERROR:root:L'attribut « source » a déjà la valeur « Milton, Moses ; Smith Nice » qui ne sera pas remplacée par « Edgar + livre Poiss-NC-NH ».
2017-04-14 18:59:24,234 [ERROR]  L'attribut « source » a déjà la valeur « Milton, Moses ; Smith Nice » qui ne sera pas remplacée par « Edgar + livre Poiss-NC-NH ».
ERROR:root:L'attribut « référence » a déjà la valeur « AG5-119 » qui ne sera pas remplacée par « AG7-18 ».
2017-04-14 18:59:24,238 [ERROR]  L'attribut « référence » a déjà la valeur « AG5-119 » qui ne sera pas remplacée par « AG7-18 ».
ERROR:root:L'attribut « source » a déjà la valeur « Milton, Moses » qui ne sera pas remplacée par « Edgar + livre Poiss-NC-NH ».
2017-04-14 18:59:24,238 [ERROR]  L'attribut « source » a déjà la valeur « Milton, Moses » qui ne sera pas remplacée par « Edgar + livre Poiss-NC-NH ».
ERROR:root:L'entité « étymologie » à mettre à jour n'existe pas.
2017-04-14 18:59:24,244 [ERROR]  L'entité « étymologie » à mettre à jour n'existe pas.
ERROR:root:L'attribut « référence » a déjà la valeur « AG5-120 ; AG1-157 ; AG4-91 » qui ne sera pas remplacée par « AG7-2/7 ».
2017-04-14 18:59:24,246 [ERROR]  L'attribut « référence » a déjà la valeur « AG5-120 ; AG1-157 ; AG4-91 » qui ne sera pas remplacée par « AG7-2/7 ».
ERROR:root:L'attribut « source » a déjà la valeur « Milton, Moses ; Smith Nice » qui ne sera pas remplacée par « Edgar + livre Poiss-NC-NH ».
2017-04-14 18:59:24,246 [ERROR]  L'attribut « source » a déjà la valeur « Milton, Moses ; Smith Nice » qui ne sera pas remplacée par « Edgar + livre Poiss-NC-NH ».
ERROR:root:L'attribut « référence » a déjà la valeur « AG5-120 ; AG1-157 ; AG4-91 » qui ne sera pas remplacée par « AG7-8 ».
2017-04-14 18:59:24,247 [ERROR]  L'attribut « référence » a déjà la valeur « AG5-120 ; AG1-157 ; AG4-91 » qui ne sera pas remplacée par « AG7-8 ».
ERROR:root:L'attribut « source » a déjà la valeur « Milton, Moses ; Smith Nice » qui ne sera pas remplacée par « Edgar + livre Poiss-NC-NH ».
2017-04-14 18:59:24,247 [ERROR]  L'attribut « source » a déjà la valeur « Milton, Moses ; Smith Nice » qui ne sera pas remplacée par « Edgar + livre Poiss-NC-NH ».
ERROR:root:L'attribut « référence » a déjà la valeur « AP9-24 » qui ne sera pas remplacée par « AP5-66 ».
2017-04-14 18:59:24,251 [ERROR]  L'attribut « référence » a déjà la valeur « AP9-24 » qui ne sera pas remplacée par « AP5-66 ».
ERROR:root:L'attribut « référence » a déjà la valeur « AG3-119; cf. ici /nay/ » qui ne sera pas remplacée par « AG4-104 ».
2017-04-14 18:59:24,306 [ERROR]  L'attribut « référence » a déjà la valeur « AG3-119; cf. ici /nay/ » qui ne sera pas remplacée par « AG4-104 ».
ERROR:root:L'attribut « référence » a déjà la valeur « Bregulla 8-2 » qui ne sera pas remplacée par « AG3-122 ».
2017-04-14 18:59:24,310 [ERROR]  L'attribut « référence » a déjà la valeur « Bregulla 8-2 » qui ne sera pas remplacée par « AG3-122 ».
ERROR:root:L'attribut « référence » a déjà la valeur « AG4-117 » qui ne sera pas remplacée par « AG1-45 ».
2017-04-14 18:59:24,343 [ERROR]  L'attribut « référence » a déjà la valeur « AG4-117 » qui ne sera pas remplacée par « AG1-45 ».
ERROR:root:L'entité « étymologie » à mettre à jour n'existe pas.
2017-04-14 18:59:24,349 [ERROR]  L'entité « étymologie » à mettre à jour n'existe pas.
ERROR:root:L'attribut « référence » a déjà la valeur « Bregulla 2-7 » qui ne sera pas remplacée par « AG3-122 ».
2017-04-14 18:59:24,388 [ERROR]  L'attribut « référence » a déjà la valeur « Bregulla 2-7 » qui ne sera pas remplacée par « AG3-122 ».
ERROR:root:L'attribut « référence » a déjà la valeur « Bregulla 9-5 » qui ne sera pas remplacée par « AG3-122 ; AG4-119 ».
2017-04-14 18:59:24,395 [ERROR]  L'attribut « référence » a déjà la valeur « Bregulla 9-5 » qui ne sera pas remplacée par « AG3-122 ; AG4-119 ».
ERROR:root:L'attribut « référence » a déjà la valeur « K30-4 » qui ne sera pas remplacée par « Wheatley-253 ».
2017-04-14 18:59:24,398 [ERROR]  L'attribut « référence » a déjà la valeur « K30-4 » qui ne sera pas remplacée par « Wheatley-253 ».
ERROR:root:L'attribut « source » a déjà la valeur « Moses ; Marina » qui ne sera pas remplacée par « Edgar + livre Poiss-NC-NH ».
2017-04-14 18:59:24,423 [ERROR]  L'attribut « source » a déjà la valeur « Moses ; Marina » qui ne sera pas remplacée par « Edgar + livre Poiss-NC-NH ».
ERROR:root:L'attribut « référence » a déjà la valeur « Bregulla 8-3 » qui ne sera pas remplacée par « AG3-122 ; AG1-146 ; AG4-118 ».
2017-04-14 18:59:24,424 [ERROR]  L'attribut « référence » a déjà la valeur « Bregulla 8-3 » qui ne sera pas remplacée par « AG3-122 ; AG1-146 ; AG4-118 ».
ERROR:root:L'entité « étymologie » à mettre à jour n'existe pas.
2017-04-14 18:59:24,474 [ERROR]  L'entité « étymologie » à mettre à jour n'existe pas.
ERROR:root:L'entité « étymologie » à mettre à jour n'existe pas.
2017-04-14 18:59:24,474 [ERROR]  L'entité « étymologie » à mettre à jour n'existe pas.
ERROR:root:L'attribut « référence » a déjà la valeur « AP9-31 » qui ne sera pas remplacée par « AG3-47 ».
2017-04-14 18:59:24,488 [ERROR]  L'attribut « référence » a déjà la valeur « AP9-31 » qui ne sera pas remplacée par « AG3-47 ».
ERROR:root:L'attribut « référence » a déjà la valeur « AG5-118 » qui ne sera pas remplacée par « Orstom n°9 ».
2017-04-14 18:59:24,490 [ERROR]  L'attribut « référence » a déjà la valeur « AG5-118 » qui ne sera pas remplacée par « Orstom n°9 ».
ERROR:root:L'attribut « référence » a déjà la valeur « AG5-118 » qui ne sera pas remplacée par « AG7-5 + 18 ».
2017-04-14 18:59:24,491 [ERROR]  L'attribut « référence » a déjà la valeur « AG5-118 » qui ne sera pas remplacée par « AG7-5 + 18 ».
ERROR:root:L'attribut « source » a déjà la valeur « Milton, Moses » qui ne sera pas remplacée par « Edgar + livre Poiss-NC-NH ».
2017-04-14 18:59:24,491 [ERROR]  L'attribut « source » a déjà la valeur « Milton, Moses » qui ne sera pas remplacée par « Edgar + livre Poiss-NC-NH ».
ERROR:root:L'attribut « référence » a déjà la valeur « AG5-118 » qui ne sera pas remplacée par « Orstom n°11 ».
2017-04-14 18:59:24,491 [ERROR]  L'attribut « référence » a déjà la valeur « AG5-118 » qui ne sera pas remplacée par « Orstom n°11 ».
ERROR:root:L'attribut « référence » a déjà la valeur « AG5-119 ; AG1-157 ; AP4-15 ; AP4-3 » qui ne sera pas remplacée par « AG7-2/11/12/19 ».
2017-04-14 18:59:24,494 [ERROR]  L'attribut « référence » a déjà la valeur « AG5-119 ; AG1-157 ; AP4-15 ; AP4-3 » qui ne sera pas remplacée par « AG7-2/11/12/19 ».
ERROR:root:L'attribut « source » a déjà la valeur « Milton, Moses ; Smith Nice » qui ne sera pas remplacée par « Edgar + livre Poiss-NC-NH ».
2017-04-14 18:59:24,494 [ERROR]  L'attribut « source » a déjà la valeur « Milton, Moses ; Smith Nice » qui ne sera pas remplacée par « Edgar + livre Poiss-NC-NH ».
ERROR:root:L'attribut « source » a déjà la valeur « Milton, Moses ; Smith Nice » qui ne sera pas remplacée par « Edgar + livre Poiss-NC-NH ».
2017-04-14 18:59:24,495 [ERROR]  L'attribut « source » a déjà la valeur « Milton, Moses ; Smith Nice » qui ne sera pas remplacée par « Edgar + livre Poiss-NC-NH ».
ERROR:root:L'attribut « référence » a déjà la valeur « AG7-12 » qui ne sera pas remplacée par « AP4-3 ».
2017-04-14 18:59:24,495 [ERROR]  L'attribut « référence » a déjà la valeur « AG7-12 » qui ne sera pas remplacée par « AP4-3 ».
ERROR:root:L'entité « étymologie » à mettre à jour n'existe pas.
2017-04-14 18:59:24,495 [ERROR]  L'entité « étymologie » à mettre à jour n'existe pas.
ERROR:root:L'attribut « référence » a déjà la valeur « AP6-26 » qui ne sera pas remplacée par « AG5-12 ».
2017-04-14 18:59:24,501 [ERROR]  L'attribut « référence » a déjà la valeur « AP6-26 » qui ne sera pas remplacée par « AG5-12 ».
ERROR:root:L'attribut « référence » a déjà la valeur « AG6-63! » qui ne sera pas remplacée par « AG7-20 ».
2017-04-14 18:59:24,554 [ERROR]  L'attribut « référence » a déjà la valeur « AG6-63! » qui ne sera pas remplacée par « AG7-20 ».
ERROR:root:L'attribut « référence » a déjà la valeur « Bregulla 12-5 » qui ne sera pas remplacée par « AG3-122 ; AG1-150 ; AG4-118 ».
2017-04-14 18:59:24,587 [ERROR]  L'attribut « référence » a déjà la valeur « Bregulla 12-5 » qui ne sera pas remplacée par « AG3-122 ; AG1-150 ; AG4-118 ».
ERROR:root:L'attribut « référence » a déjà la valeur « Bregulla 12-5 » qui ne sera pas remplacée par « AG7-5 ».
2017-04-14 18:59:24,587 [ERROR]  L'attribut « référence » a déjà la valeur « Bregulla 12-5 » qui ne sera pas remplacée par « AG7-5 ».
ERROR:root:L'attribut « source » a déjà la valeur « G3-145 » qui ne sera pas remplacée par « AF-AG1-46b > 47b ».
2017-04-14 18:59:24,591 [ERROR]  L'attribut « source » a déjà la valeur « G3-145 » qui ne sera pas remplacée par « AF-AG1-46b > 47b ».
ERROR:root:L'attribut « source » a déjà la valeur « G3-145 » qui ne sera pas remplacée par « P10-75+81 ».
2017-04-14 18:59:24,592 [ERROR]  L'attribut « source » a déjà la valeur « G3-145 » qui ne sera pas remplacée par « P10-75+81 ».
ERROR:root:L'attribut « source » a déjà la valeur « G3-145 » qui ne sera pas remplacée par « G6-54 ».
2017-04-14 18:59:24,592 [ERROR]  L'attribut « source » a déjà la valeur « G3-145 » qui ne sera pas remplacée par « G6-54 ».
ERROR:root:L'entité « étymologie » à mettre à jour n'existe pas.
2017-04-14 18:59:24,594 [ERROR]  L'entité « étymologie » à mettre à jour n'existe pas.
ERROR:root:L'attribut « source » a déjà la valeur « Edgar + livre Poiss-NC-NH » qui ne sera pas remplacée par « Edgar + livre Poiss-NC-NH ».
2017-04-14 18:59:24,598 [ERROR]  L'attribut « source » a déjà la valeur « Edgar + livre Poiss-NC-NH » qui ne sera pas remplacée par « Edgar + livre Poiss-NC-NH ».
ERROR:root:L'attribut « référence » a déjà la valeur « Wheatley 253 ; Vienne-585 » qui ne sera pas remplacée par « AG4-111 ».
2017-04-14 18:59:24,602 [ERROR]  L'attribut « référence » a déjà la valeur « Wheatley 253 ; Vienne-585 » qui ne sera pas remplacée par « AG4-111 ».
ERROR:root:L'attribut « référence » a déjà la valeur « AG3-133 » qui ne sera pas remplacée par « AP3-64 ».
2017-04-14 18:59:24,624 [ERROR]  L'attribut « référence » a déjà la valeur « AG3-133 » qui ne sera pas remplacée par « AP3-64 ».
ERROR:root:L'entité « étymologie » à mettre à jour n'existe pas.
2017-04-14 18:59:24,629 [ERROR]  L'entité « étymologie » à mettre à jour n'existe pas.
ERROR:root:L'attribut « référence » a déjà la valeur « Bregulla 7-1 » qui ne sera pas remplacée par « AG3-122; AG1-146 ».
2017-04-14 18:59:24,638 [ERROR]  L'attribut « référence » a déjà la valeur « Bregulla 7-1 » qui ne sera pas remplacée par « AG3-122; AG1-146 ».
ERROR:root:L'attribut « reduplication » a déjà la valeur « sosok » qui ne sera pas remplacée par « soksok ».
2017-04-14 18:59:24,686 [ERROR]  L'attribut « reduplication » a déjà la valeur « sosok » qui ne sera pas remplacée par « soksok ».
ERROR:root:L'attribut « reduplication » a déjà la valeur « sosok » qui ne sera pas remplacée par « sosok ».
2017-04-14 18:59:24,687 [ERROR]  L'attribut « reduplication » a déjà la valeur « sosok » qui ne sera pas remplacée par « sosok ».
ERROR:root:L'attribut « référence » a déjà la valeur « AP9-36!! » qui ne sera pas remplacée par « AP9-47 ».
2017-04-14 18:59:24,714 [ERROR]  L'attribut « référence » a déjà la valeur « AP9-36!! » qui ne sera pas remplacée par « AP9-47 ».
ERROR:root:L'entité « étymologie » à mettre à jour n'existe pas.
2017-04-14 18:59:24,736 [ERROR]  L'entité « étymologie » à mettre à jour n'existe pas.
ERROR:root:L'attribut « référence » a déjà la valeur « AP9-51 » qui ne sera pas remplacée par « alx  >> trouver exemple! ».
2017-04-14 18:59:24,742 [ERROR]  L'attribut « référence » a déjà la valeur « AP9-51 » qui ne sera pas remplacée par « alx  >> trouver exemple! ».
ERROR:root:L'entité « étymologie » à mettre à jour n'existe pas.
2017-04-14 18:59:24,824 [ERROR]  L'entité « étymologie » à mettre à jour n'existe pas.
ERROR:root:L'entité « étymologie » à mettre à jour n'existe pas.
2017-04-14 18:59:24,825 [ERROR]  L'entité « étymologie » à mettre à jour n'existe pas.
ERROR:root:L'entité « étymologie » à mettre à jour n'existe pas.
2017-04-14 18:59:24,852 [ERROR]  L'entité « étymologie » à mettre à jour n'existe pas.
ERROR:root:L'entité « étymologie » à mettre à jour n'existe pas.
2017-04-14 18:59:24,853 [ERROR]  L'entité « étymologie » à mettre à jour n'existe pas.
ERROR:root:L'attribut « référence » a déjà la valeur « Bsl-139 = AG4-117 » qui ne sera pas remplacée par « AG5-119 ; AG1-157 ».
2017-04-14 18:59:24,855 [ERROR]  L'attribut « référence » a déjà la valeur « Bsl-139 = AG4-117 » qui ne sera pas remplacée par « AG5-119 ; AG1-157 ».
ERROR:root:L'attribut « référence » a déjà la valeur « Bsl-139 = AG4-117 » qui ne sera pas remplacée par « AG7-03 ».
2017-04-14 18:59:24,856 [ERROR]  L'attribut « référence » a déjà la valeur « Bsl-139 = AG4-117 » qui ne sera pas remplacée par « AG7-03 ».
ERROR:root:L'attribut « source » a déjà la valeur « Milton, Moses ; Smith Nice » qui ne sera pas remplacée par « Edgar + livre Poiss-NC-NH ».
2017-04-14 18:59:24,856 [ERROR]  L'attribut « source » a déjà la valeur « Milton, Moses ; Smith Nice » qui ne sera pas remplacée par « Edgar + livre Poiss-NC-NH ».
ERROR:root:L'attribut « source » a déjà la valeur « Milton, Moses ; Smith Nice » qui ne sera pas remplacée par « Milton, Moses ; Smith Nice ; Edgar ».
2017-04-14 18:59:24,856 [ERROR]  L'attribut « source » a déjà la valeur « Milton, Moses ; Smith Nice » qui ne sera pas remplacée par « Milton, Moses ; Smith Nice ; Edgar ».
ERROR:root:L'attribut « source » a déjà la valeur « Milton, Moses ; Smith Nice » qui ne sera pas remplacée par « Marina ».
2017-04-14 18:59:24,857 [ERROR]  L'attribut « source » a déjà la valeur « Milton, Moses ; Smith Nice » qui ne sera pas remplacée par « Marina ».
ERROR:root:L'attribut « référence » a déjà la valeur « AP4-15 » qui ne sera pas remplacée par « AG7-03 ».
2017-04-14 18:59:24,858 [ERROR]  L'attribut « référence » a déjà la valeur « AP4-15 » qui ne sera pas remplacée par « AG7-03 ».
ERROR:root:L'attribut « source » a déjà la valeur « Milton, Moses ; Smith Nice » qui ne sera pas remplacée par « Edgar + livre Poiss-NC-NH ».
2017-04-14 18:59:24,858 [ERROR]  L'attribut « source » a déjà la valeur « Milton, Moses ; Smith Nice » qui ne sera pas remplacée par « Edgar + livre Poiss-NC-NH ».
ERROR:root:L'attribut « source » a déjà la valeur « Milton, Moses ; Smith Nice » qui ne sera pas remplacée par « Edgar + livre Poiss-NC-NH ».
2017-04-14 18:59:24,858 [ERROR]  L'attribut « source » a déjà la valeur « Milton, Moses ; Smith Nice » qui ne sera pas remplacée par « Edgar + livre Poiss-NC-NH ».
ERROR:root:L'attribut « phonétique » a déjà la valeur « natak​͡pʷŋɪ » qui ne sera pas remplacée par « natak​͡pʷŋ​͡mʷɪ ».
2017-04-14 18:59:24,864 [ERROR]  L'attribut « phonétique » a déjà la valeur « natak​͡pʷŋɪ » qui ne sera pas remplacée par « natak​͡pʷŋ​͡mʷɪ ».
ERROR:root:L'attribut « phonétique » a déjà la valeur « taβal » qui ne sera pas remplacée par « taβaˈlam ».
2017-04-14 18:59:24,893 [ERROR]  L'attribut « phonétique » a déjà la valeur « taβal » qui ne sera pas remplacée par « taβaˈlam ».
ERROR:root:L'attribut « morphologie » a déjà la valeur « taval- » qui ne sera pas remplacée par « -gi ».
2017-04-14 18:59:24,901 [ERROR]  L'attribut « morphologie » a déjà la valeur « taval- » qui ne sera pas remplacée par « -gi ».
ERROR:root:L'attribut « référence » a déjà la valeur « Bregulla 13-2 » qui ne sera pas remplacée par « AG3-122; AG1-150 ».
2017-04-14 18:59:24,937 [ERROR]  L'attribut « référence » a déjà la valeur « Bregulla 13-2 » qui ne sera pas remplacée par « AG3-122; AG1-150 ».
ERROR:root:L'attribut « référence » a déjà la valeur « Bregulla 13-2 » qui ne sera pas remplacée par « AG4-116 = Bsl-110 ».
2017-04-14 18:59:24,937 [ERROR]  L'attribut « référence » a déjà la valeur « Bregulla 13-2 » qui ne sera pas remplacée par « AG4-116 = Bsl-110 ».
ERROR:root:L'entité « étymologie » à mettre à jour n'existe pas.
2017-04-14 18:59:24,975 [ERROR]  L'entité « étymologie » à mettre à jour n'existe pas.
ERROR:root:L'attribut « langue » a déjà la valeur « PNCV » qui ne sera pas remplacée par « Mota ».
2017-04-14 18:59:24,994 [ERROR]  L'attribut « langue » a déjà la valeur « PNCV » qui ne sera pas remplacée par « Mota ».
ERROR:root:L'attribut « langue » a déjà la valeur « PNCV » qui ne sera pas remplacée par « North-V ».
2017-04-14 18:59:24,994 [ERROR]  L'attribut « langue » a déjà la valeur « PNCV » qui ne sera pas remplacée par « North-V ».
ERROR:root:L'attribut « langue » a déjà la valeur « PNCV » qui ne sera pas remplacée par « ax:Cf.|{~}Mtp ».
2017-04-14 18:59:24,995 [ERROR]  L'attribut « langue » a déjà la valeur « PNCV » qui ne sera pas remplacée par « ax:Cf.|{~}Mtp ».
ERROR:root:L'attribut « référence » a déjà la valeur « AG5-119 ; AG1-157 » qui ne sera pas remplacée par « AG7-9/20 ».
2017-04-14 18:59:25,029 [ERROR]  L'attribut « référence » a déjà la valeur « AG5-119 ; AG1-157 » qui ne sera pas remplacée par « AG7-9/20 ».
ERROR:root:L'attribut « source » a déjà la valeur « Milton, Moses ; Smith Nice » qui ne sera pas remplacée par « Edgar + livre Poiss-NC-NH ».
2017-04-14 18:59:25,030 [ERROR]  L'attribut « source » a déjà la valeur « Milton, Moses ; Smith Nice » qui ne sera pas remplacée par « Edgar + livre Poiss-NC-NH ».
ERROR:root:L'entité « étymologie » à mettre à jour n'existe pas.
2017-04-14 18:59:25,036 [ERROR]  L'entité « étymologie » à mettre à jour n'existe pas.
ERROR:root:L'attribut « référence » a déjà la valeur « Bregulla 11-4 » qui ne sera pas remplacée par « AG1-150 ».
2017-04-14 18:59:25,040 [ERROR]  L'attribut « référence » a déjà la valeur « Bregulla 11-4 » qui ne sera pas remplacée par « AG1-150 ».
ERROR:root:L'attribut « référence » a déjà la valeur « AG4-90 (timbre à 25 VT) » qui ne sera pas remplacée par « Bregulla 2-2 ».
2017-04-14 18:59:25,049 [ERROR]  L'attribut « référence » a déjà la valeur « AG4-90 (timbre à 25 VT) » qui ne sera pas remplacée par « Bregulla 2-2 ».
ERROR:root:L'attribut « référence » a déjà la valeur « AG4-90 (timbre à 25 VT) » qui ne sera pas remplacée par « AG3-122 ».
2017-04-14 18:59:25,050 [ERROR]  L'attribut « référence » a déjà la valeur « AG4-90 (timbre à 25 VT) » qui ne sera pas remplacée par « AG3-122 ».
ERROR:root:L'attribut « référence bibliographique » a déjà la valeur « Bregulla p.157 » qui ne sera pas remplacée par « Bregulla p.167 ».
2017-04-14 18:59:25,050 [ERROR]  L'attribut « référence bibliographique » a déjà la valeur « Bregulla p.157 » qui ne sera pas remplacée par « Bregulla p.167 ».
ERROR:root:L'attribut « référence » a déjà la valeur « AG4-90 (timbre à 25 VT) » qui ne sera pas remplacée par « Bregulla 7-5 ».
2017-04-14 18:59:25,051 [ERROR]  L'attribut « référence » a déjà la valeur « AG4-90 (timbre à 25 VT) » qui ne sera pas remplacée par « Bregulla 7-5 ».
ERROR:root:L'attribut « référence » a déjà la valeur « AG4-90 (timbre à 25 VT) » qui ne sera pas remplacée par « AG3-122 ; AG1-150 ».
2017-04-14 18:59:25,051 [ERROR]  L'attribut « référence » a déjà la valeur « AG4-90 (timbre à 25 VT) » qui ne sera pas remplacée par « AG3-122 ; AG1-150 ».
ERROR:root:L'attribut « référence bibliographique » a déjà la valeur « Bregulla p.157 » qui ne sera pas remplacée par « Bregulla p.155 ».
2017-04-14 18:59:25,051 [ERROR]  L'attribut « référence bibliographique » a déjà la valeur « Bregulla p.157 » qui ne sera pas remplacée par « Bregulla p.155 ».
ERROR:root:L'attribut « référence » a déjà la valeur « AG7-11 » qui ne sera pas remplacée par « AG7-11 ».
2017-04-14 18:59:25,055 [ERROR]  L'attribut « référence » a déjà la valeur « AG7-11 » qui ne sera pas remplacée par « AG7-11 ».
ERROR:root:L'attribut « source » a déjà la valeur « Edgar + livre Poiss-NC-NH » qui ne sera pas remplacée par « Edgar + livre Poiss-NC-NH ».
2017-04-14 18:59:25,055 [ERROR]  L'attribut « source » a déjà la valeur « Edgar + livre Poiss-NC-NH » qui ne sera pas remplacée par « Edgar + livre Poiss-NC-NH ».
ERROR:root:L'attribut « référence » a déjà la valeur « AD17-2 » qui ne sera pas remplacée par « AP5-9 ».
2017-04-14 18:59:25,061 [ERROR]  L'attribut « référence » a déjà la valeur « AD17-2 » qui ne sera pas remplacée par « AP5-9 ».
ERROR:root:L'attribut « reduplication » a déjà la valeur « tēytēy » qui ne sera pas remplacée par « tētēy ».
2017-04-14 18:59:25,068 [ERROR]  L'attribut « reduplication » a déjà la valeur « tēytēy » qui ne sera pas remplacée par « tētēy ».
ERROR:root:L'entité « étymologie » à mettre à jour n'existe pas.
2017-04-14 18:59:25,075 [ERROR]  L'entité « étymologie » à mettre à jour n'existe pas.
ERROR:root:L'entité « étymologie » à mettre à jour n'existe pas.
2017-04-14 18:59:25,116 [ERROR]  L'entité « étymologie » à mettre à jour n'existe pas.
ERROR:root:L'attribut « référence » a déjà la valeur « AG4-117 » qui ne sera pas remplacée par « AG7-13 ».
2017-04-14 18:59:25,120 [ERROR]  L'attribut « référence » a déjà la valeur « AG4-117 » qui ne sera pas remplacée par « AG7-13 ».
ERROR:root:L'attribut « source » a déjà la valeur « Moses » qui ne sera pas remplacée par « Edgar + livre Poiss-NC-NH ».
2017-04-14 18:59:25,120 [ERROR]  L'attribut « source » a déjà la valeur « Moses » qui ne sera pas remplacée par « Edgar + livre Poiss-NC-NH ».
ERROR:root:L'attribut « source » a déjà la valeur « Moses » qui ne sera pas remplacée par « Edgar + livre Poiss-NC-NH ».
2017-04-14 18:59:25,121 [ERROR]  L'attribut « source » a déjà la valeur « Moses » qui ne sera pas remplacée par « Edgar + livre Poiss-NC-NH ».
ERROR:root:L'attribut « référence » a déjà la valeur « Bregulla 9-3 » qui ne sera pas remplacée par « AG3-122 ».
2017-04-14 18:59:25,130 [ERROR]  L'attribut « référence » a déjà la valeur « Bregulla 9-3 » qui ne sera pas remplacée par « AG3-122 ».
ERROR:root:L'entité « étymologie » à mettre à jour n'existe pas.
2017-04-14 18:59:25,165 [ERROR]  L'entité « étymologie » à mettre à jour n'existe pas.
ERROR:root:L'attribut « référence » a déjà la valeur « AG5-119 ; AG1-157 » qui ne sera pas remplacée par « Bsl-113 = AG4-116 (Medley) ».
2017-04-14 18:59:25,173 [ERROR]  L'attribut « référence » a déjà la valeur « AG5-119 ; AG1-157 » qui ne sera pas remplacée par « Bsl-113 = AG4-116 (Medley) ».
ERROR:root:L'attribut « référence » a déjà la valeur « AG5-119 ; AG1-157 » qui ne sera pas remplacée par « AG7-8 ».
2017-04-14 18:59:25,173 [ERROR]  L'attribut « référence » a déjà la valeur « AG5-119 ; AG1-157 » qui ne sera pas remplacée par « AG7-8 ».
ERROR:root:L'attribut « source » a déjà la valeur « Milton, Moses ; Smith Nice » qui ne sera pas remplacée par « Edgar + livre Poiss-NC-NH ».
2017-04-14 18:59:25,173 [ERROR]  L'attribut « source » a déjà la valeur « Milton, Moses ; Smith Nice » qui ne sera pas remplacée par « Edgar + livre Poiss-NC-NH ».
ERROR:root:L'attribut « référence » a déjà la valeur « AG5-119 ; AG1-157 » qui ne sera pas remplacée par « AG7-8 ».
2017-04-14 18:59:25,174 [ERROR]  L'attribut « référence » a déjà la valeur « AG5-119 ; AG1-157 » qui ne sera pas remplacée par « AG7-8 ».
ERROR:root:L'attribut « source » a déjà la valeur « Milton, Moses ; Smith Nice » qui ne sera pas remplacée par « Edgar + livre Poiss-NC-NH ».
2017-04-14 18:59:25,174 [ERROR]  L'attribut « source » a déjà la valeur « Milton, Moses ; Smith Nice » qui ne sera pas remplacée par « Edgar + livre Poiss-NC-NH ».
ERROR:root:L'attribut « référence » a déjà la valeur « AG5-119 ; AG1-157 » qui ne sera pas remplacée par « AG7-7 ».
2017-04-14 18:59:25,175 [ERROR]  L'attribut « référence » a déjà la valeur « AG5-119 ; AG1-157 » qui ne sera pas remplacée par « AG7-7 ».
ERROR:root:L'attribut « source » a déjà la valeur « Milton, Moses ; Smith Nice » qui ne sera pas remplacée par « Edgar + livre Poiss-NC-NH ».
2017-04-14 18:59:25,175 [ERROR]  L'attribut « source » a déjà la valeur « Milton, Moses ; Smith Nice » qui ne sera pas remplacée par « Edgar + livre Poiss-NC-NH ».
ERROR:root:L'attribut « référence » a déjà la valeur « Bregulla 2-3 » qui ne sera pas remplacée par « AG3-122 ».
2017-04-14 18:59:25,176 [ERROR]  L'attribut « référence » a déjà la valeur « Bregulla 2-3 » qui ne sera pas remplacée par « AG3-122 ».
ERROR:root:L'attribut « référence » a déjà la valeur « Bregulla 7-4 » qui ne sera pas remplacée par « AG3-122 ; AG1-150 ».
2017-04-14 18:59:25,177 [ERROR]  L'attribut « référence » a déjà la valeur « Bregulla 7-4 » qui ne sera pas remplacée par « AG3-122 ; AG1-150 ».
ERROR:root:L'attribut « reduplication » a déjà la valeur « totot lat » qui ne sera pas remplacée par « tot lalat ».
2017-04-14 18:59:25,190 [ERROR]  L'attribut « reduplication » a déjà la valeur « totot lat » qui ne sera pas remplacée par « tot lalat ».
ERROR:root:L'attribut « reduplication » a déjà la valeur « totot woy » qui ne sera pas remplacée par « tot woywoy ».
2017-04-14 18:59:25,191 [ERROR]  L'attribut « reduplication » a déjà la valeur « totot woy » qui ne sera pas remplacée par « tot woywoy ».
ERROR:root:L'attribut « reduplication » a déjà la valeur « totot yak » qui ne sera pas remplacée par « tot yakyak ».
2017-04-14 18:59:25,192 [ERROR]  L'attribut « reduplication » a déjà la valeur « totot yak » qui ne sera pas remplacée par « tot yakyak ».
ERROR:root:L'attribut « référence » a déjà la valeur « Bregulla 12-3 » qui ne sera pas remplacée par « AG3-122 ».
2017-04-14 18:59:25,202 [ERROR]  L'attribut « référence » a déjà la valeur « Bregulla 12-3 » qui ne sera pas remplacée par « AG3-122 ».
ERROR:root:L'entité « étymologie » à mettre à jour n'existe pas.
2017-04-14 18:59:25,205 [ERROR]  L'entité « étymologie » à mettre à jour n'existe pas.
ERROR:root:L'attribut « référence » a déjà la valeur « Bregulla 8-1 » qui ne sera pas remplacée par « AG3-122, AG1-146; AG4-118 ».
2017-04-14 18:59:25,210 [ERROR]  L'attribut « référence » a déjà la valeur « Bregulla 8-1 » qui ne sera pas remplacée par « AG3-122, AG1-146; AG4-118 ».
ERROR:root:L'entité « étymologie » à mettre à jour n'existe pas.
2017-04-14 18:59:25,219 [ERROR]  L'entité « étymologie » à mettre à jour n'existe pas.
ERROR:root:L'attribut « référence » a déjà la valeur « Bregulla 8-6 » qui ne sera pas remplacée par « AG3-122 ».
2017-04-14 18:59:25,223 [ERROR]  L'attribut « référence » a déjà la valeur « Bregulla 8-6 » qui ne sera pas remplacée par « AG3-122 ».
ERROR:root:L'attribut « référence » a déjà la valeur « AP5-39 » qui ne sera pas remplacée par « AG3-132 ».
2017-04-14 18:59:25,232 [ERROR]  L'attribut « référence » a déjà la valeur « AP5-39 » qui ne sera pas remplacée par « AG3-132 ».
ERROR:root:L'attribut « référence » a déjà la valeur « Bregulla 6-6 » qui ne sera pas remplacée par « AG3-122 ; AG5-117 ».
2017-04-14 18:59:25,244 [ERROR]  L'attribut « référence » a déjà la valeur « Bregulla 6-6 » qui ne sera pas remplacée par « AG3-122 ; AG5-117 ».
ERROR:root:L'attribut « source » a déjà la valeur « Smith Nice, Henry ; Moses » qui ne sera pas remplacée par « Milton, Moses ».
2017-04-14 18:59:25,256 [ERROR]  L'attribut « source » a déjà la valeur « Smith Nice, Henry ; Moses » qui ne sera pas remplacée par « Milton, Moses ».
ERROR:root:L'attribut « référence » a déjà la valeur « AG1-157 ; AG5-117 » qui ne sera pas remplacée par « AG7-2/10 ».
2017-04-14 18:59:25,256 [ERROR]  L'attribut « référence » a déjà la valeur « AG1-157 ; AG5-117 » qui ne sera pas remplacée par « AG7-2/10 ».
ERROR:root:L'attribut « source » a déjà la valeur « Smith Nice, Henry ; Moses » qui ne sera pas remplacée par « Edgar + livre Poiss-NC-NH ».
2017-04-14 18:59:25,256 [ERROR]  L'attribut « source » a déjà la valeur « Smith Nice, Henry ; Moses » qui ne sera pas remplacée par « Edgar + livre Poiss-NC-NH ».
ERROR:root:L'attribut « référence » a déjà la valeur « AG7-10 » qui ne sera pas remplacée par « AG7-10 ».
2017-04-14 18:59:25,257 [ERROR]  L'attribut « référence » a déjà la valeur « AG7-10 » qui ne sera pas remplacée par « AG7-10 ».
ERROR:root:L'entité « étymologie » à mettre à jour n'existe pas.
2017-04-14 18:59:25,283 [ERROR]  L'entité « étymologie » à mettre à jour n'existe pas.
ERROR:root:L'entité « étymologie » à mettre à jour n'existe pas.
2017-04-14 18:59:25,284 [ERROR]  L'entité « étymologie » à mettre à jour n'existe pas.
ERROR:root:L'attribut « référence » a déjà la valeur « AG4-92 » qui ne sera pas remplacée par « AG7-2 ».
2017-04-14 18:59:25,292 [ERROR]  L'attribut « référence » a déjà la valeur « AG4-92 » qui ne sera pas remplacée par « AG7-2 ».
ERROR:root:L'attribut « source » a déjà la valeur « Moses » qui ne sera pas remplacée par « Edgar + livre Poiss-NC-NH ».
2017-04-14 18:59:25,292 [ERROR]  L'attribut « source » a déjà la valeur « Moses » qui ne sera pas remplacée par « Edgar + livre Poiss-NC-NH ».
ERROR:root:L'attribut « référence » a déjà la valeur « Edgar » qui ne sera pas remplacée par « AG1-158 ».
2017-04-14 18:59:25,322 [ERROR]  L'attribut « référence » a déjà la valeur « Edgar » qui ne sera pas remplacée par « AG1-158 ».
ERROR:root:L'entité « étymologie » à mettre à jour n'existe pas.
2017-04-14 18:59:25,334 [ERROR]  L'entité « étymologie » à mettre à jour n'existe pas.
ERROR:root:L'entité « étymologie » à mettre à jour n'existe pas.
2017-04-14 18:59:25,364 [ERROR]  L'entité « étymologie » à mettre à jour n'existe pas.
ERROR:root:L'entité « étymologie » à mettre à jour n'existe pas.
2017-04-14 18:59:25,400 [ERROR]  L'entité « étymologie » à mettre à jour n'existe pas.
ERROR:root:L'attribut « reduplication » a déjà la valeur « vetepteg » qui ne sera pas remplacée par « vetveteg ».
2017-04-14 18:59:25,402 [ERROR]  L'attribut « reduplication » a déjà la valeur « vetepteg » qui ne sera pas remplacée par « vetveteg ».
ERROR:root:L'entité « étymologie » à mettre à jour n'existe pas.
2017-04-14 18:59:25,406 [ERROR]  L'entité « étymologie » à mettre à jour n'existe pas.
ERROR:root:L'entité « étymologie » à mettre à jour n'existe pas.
2017-04-14 18:59:25,437 [ERROR]  L'entité « étymologie » à mettre à jour n'existe pas.
ERROR:root:L'attribut « reduplication » a déjà la valeur « vēlvēl » qui ne sera pas remplacée par « vēl yakyak ».
2017-04-14 18:59:25,445 [ERROR]  L'attribut « reduplication » a déjà la valeur « vēlvēl » qui ne sera pas remplacée par « vēl yakyak ».
ERROR:root:L'attribut « reduplication » a déjà la valeur « vēlvēlēgē » qui ne sera pas remplacée par « v[ē]lēplēgē ».
2017-04-14 18:59:25,448 [ERROR]  L'attribut « reduplication » a déjà la valeur « vēlvēlēgē » qui ne sera pas remplacée par « v[ē]lēplēgē ».
ERROR:root:L'attribut « référence » a déjà la valeur « AG1-72 ... » qui ne sera pas remplacée par « AG3-105 ».
2017-04-14 18:59:25,468 [ERROR]  L'attribut « référence » a déjà la valeur « AG1-72 ... » qui ne sera pas remplacée par « AG3-105 ».
ERROR:root:L'entité « étymologie » à mettre à jour n'existe pas.
2017-04-14 18:59:25,487 [ERROR]  L'entité « étymologie » à mettre à jour n'existe pas.
ERROR:root:L'entité « étymologie » à mettre à jour n'existe pas.
2017-04-14 18:59:25,488 [ERROR]  L'entité « étymologie » à mettre à jour n'existe pas.
ERROR:root:L'attribut « référence » a déjà la valeur « AG5-119 » qui ne sera pas remplacée par « AG7-18 ».
2017-04-14 18:59:25,496 [ERROR]  L'attribut « référence » a déjà la valeur « AG5-119 » qui ne sera pas remplacée par « AG7-18 ».
ERROR:root:L'attribut « source » a déjà la valeur « Milton, Moses » qui ne sera pas remplacée par « Edgar: affiche Orstom n°4 ».
2017-04-14 18:59:25,497 [ERROR]  L'attribut « source » a déjà la valeur « Milton, Moses » qui ne sera pas remplacée par « Edgar: affiche Orstom n°4 ».
ERROR:root:L'attribut « reduplication » a déjà la valeur « vēvēyn̄it » qui ne sera pas remplacée par « vēyvēyn̄it ».
2017-04-14 18:59:25,504 [ERROR]  L'attribut « reduplication » a déjà la valeur « vēvēyn̄it » qui ne sera pas remplacée par « vēyvēyn̄it ».
ERROR:root:L'attribut « référence » a déjà la valeur « Bregulla 9-7 » qui ne sera pas remplacée par « AG3-122 ».
2017-04-14 18:59:25,549 [ERROR]  L'attribut « référence » a déjà la valeur « Bregulla 9-7 » qui ne sera pas remplacée par « AG3-122 ».
ERROR:root:L'entité « étymologie » à mettre à jour n'existe pas.
2017-04-14 18:59:25,562 [ERROR]  L'entité « étymologie » à mettre à jour n'existe pas.
ERROR:root:L'entité « étymologie » à mettre à jour n'existe pas.
2017-04-14 18:59:25,565 [ERROR]  L'entité « étymologie » à mettre à jour n'existe pas.
ERROR:root:L'entité « étymologie » à mettre à jour n'existe pas.
2017-04-14 18:59:25,565 [ERROR]  L'entité « étymologie » à mettre à jour n'existe pas.
ERROR:root:L'entité « étymologie » à mettre à jour n'existe pas.
2017-04-14 18:59:25,565 [ERROR]  L'entité « étymologie » à mettre à jour n'existe pas.
ERROR:root:L'entité « étymologie » à mettre à jour n'existe pas.
2017-04-14 18:59:25,566 [ERROR]  L'entité « étymologie » à mettre à jour n'existe pas.
ERROR:root:L'attribut « référence » a déjà la valeur « Bregulla 12-8 » qui ne sera pas remplacée par « AG4-117 = Bsl-141 ».
2017-04-14 18:59:25,570 [ERROR]  L'attribut « référence » a déjà la valeur « Bregulla 12-8 » qui ne sera pas remplacée par « AG4-117 = Bsl-141 ».
ERROR:root:L'attribut « référence » a déjà la valeur « AG5-119 » qui ne sera pas remplacée par « AG7-9 ».
2017-04-14 18:59:25,572 [ERROR]  L'attribut « référence » a déjà la valeur « AG5-119 » qui ne sera pas remplacée par « AG7-9 ».
ERROR:root:L'entité « étymologie » à mettre à jour n'existe pas.
2017-04-14 18:59:25,574 [ERROR]  L'entité « étymologie » à mettre à jour n'existe pas.
ERROR:root:L'attribut « référence » a déjà la valeur « AG4-119 » qui ne sera pas remplacée par « AG7-4/18 ».
2017-04-14 18:59:25,580 [ERROR]  L'attribut « référence » a déjà la valeur « AG4-119 » qui ne sera pas remplacée par « AG7-4/18 ».
ERROR:root:L'attribut « source » a déjà la valeur « Milton, Moses ; Smith Nice » qui ne sera pas remplacée par « Edgar + livre Poiss-NC-NH ».
2017-04-14 18:59:25,580 [ERROR]  L'attribut « source » a déjà la valeur « Milton, Moses ; Smith Nice » qui ne sera pas remplacée par « Edgar + livre Poiss-NC-NH ».
ERROR:root:L'attribut « phonétique » a déjà la valeur « wɛjɛh » qui ne sera pas remplacée par « wɔjɛh ».
2017-04-14 18:59:25,591 [ERROR]  L'attribut « phonétique » a déjà la valeur « wɛjɛh » qui ne sera pas remplacée par « wɔjɛh ».
ERROR:root:L'attribut « référence » a déjà la valeur « AG7-feuille » qui ne sera pas remplacée par « AG7-24 ».
2017-04-14 18:59:25,604 [ERROR]  L'attribut « référence » a déjà la valeur « AG7-feuille » qui ne sera pas remplacée par « AG7-24 ».
ERROR:root:L'attribut « source » a déjà la valeur « Edgar + livre Poiss-NC-NH » qui ne sera pas remplacée par « Edgar + livre Polynésie 3 ».
2017-04-14 18:59:25,604 [ERROR]  L'attribut « source » a déjà la valeur « Edgar + livre Poiss-NC-NH » qui ne sera pas remplacée par « Edgar + livre Polynésie 3 ».
ERROR:root:L'attribut « phonétique » a déjà la valeur « wɪmlaɣ » qui ne sera pas remplacée par « wʊmlaɣ ».
2017-04-14 18:59:25,604 [ERROR]  L'attribut « phonétique » a déjà la valeur « wɪmlaɣ » qui ne sera pas remplacée par « wʊmlaɣ ».
ERROR:root:L'attribut « référence » a déjà la valeur « Bregulla 12-2 » qui ne sera pas remplacée par « AG3-122 ».
2017-04-14 18:59:25,611 [ERROR]  L'attribut « référence » a déjà la valeur « Bregulla 12-2 » qui ne sera pas remplacée par « AG3-122 ».
ERROR:root:L'attribut « référence » a déjà la valeur « AP9-38 » qui ne sera pas remplacée par « AP11-86 ».
2017-04-14 18:59:25,617 [ERROR]  L'attribut « référence » a déjà la valeur « AP9-38 » qui ne sera pas remplacée par « AP11-86 ».
ERROR:root:L'attribut « référence » a déjà la valeur « Bregulla 5-1 » qui ne sera pas remplacée par « AG3-122 ; AG1-149 ; AG5-118 ».
2017-04-14 18:59:25,618 [ERROR]  L'attribut « référence » a déjà la valeur « Bregulla 5-1 » qui ne sera pas remplacée par « AG3-122 ; AG1-149 ; AG5-118 ».
ERROR:root:L'attribut « référence » a déjà la valeur « AG4-83 » qui ne sera pas remplacée par « Mika > na-may ».
2017-04-14 18:59:25,628 [ERROR]  L'attribut « référence » a déjà la valeur « AG4-83 » qui ne sera pas remplacée par « Mika > na-may ».
ERROR:root:L'entité « étymologie » à mettre à jour n'existe pas.
2017-04-14 18:59:25,651 [ERROR]  L'entité « étymologie » à mettre à jour n'existe pas.
ERROR:root:L'entité « étymologie » à mettre à jour n'existe pas.
2017-04-14 18:59:25,667 [ERROR]  L'entité « étymologie » à mettre à jour n'existe pas.
ERROR:root:L'attribut « référence » a déjà la valeur « Bregulla 9-4 » qui ne sera pas remplacée par « AG3-122 ».
2017-04-14 18:59:25,697 [ERROR]  L'attribut « référence » a déjà la valeur « Bregulla 9-4 » qui ne sera pas remplacée par « AG3-122 ».
ERROR:root:L'attribut « référence » a déjà la valeur « feuille à part 24-12-97 » qui ne sera pas remplacée par « AP4-51 ».
2017-04-14 18:59:25,704 [ERROR]  L'attribut « référence » a déjà la valeur « feuille à part 24-12-97 » qui ne sera pas remplacée par « AP4-51 ».
ERROR:root:L'attribut « source » a déjà la valeur « Konsis Alvea, P4-51 » qui ne sera pas remplacée par « G3-97, Toglag ».
2017-04-14 18:59:25,705 [ERROR]  L'attribut « source » a déjà la valeur « Konsis Alvea, P4-51 » qui ne sera pas remplacée par « G3-97, Toglag ».
ERROR:root:L'entité « étymologie » à mettre à jour n'existe pas.
2017-04-14 18:59:25,707 [ERROR]  L'entité « étymologie » à mettre à jour n'existe pas.
ERROR:root:L'attribut « référence » a déjà la valeur « AG3-122 » qui ne sera pas remplacée par « Bregulla 11-4 ».
2017-04-14 18:59:25,722 [ERROR]  L'attribut « référence » a déjà la valeur « AG3-122 » qui ne sera pas remplacée par « Bregulla 11-4 ».
ERROR:root:L'attribut « référence » a déjà la valeur « AG3-122 » qui ne sera pas remplacée par « AG3-122 ».
2017-04-14 18:59:25,723 [ERROR]  L'attribut « référence » a déjà la valeur « AG3-122 » qui ne sera pas remplacée par « AG3-122 ».
ERROR:root:L'attribut « référence » a déjà la valeur « AG4-91 ; AP4-3 = no-wotwot ? > NON, cf. Edgar » qui ne sera pas remplacée par « AG7-2/12 ».
2017-04-14 18:59:25,725 [ERROR]  L'attribut « référence » a déjà la valeur « AG4-91 ; AP4-3 = no-wotwot ? > NON, cf. Edgar » qui ne sera pas remplacée par « AG7-2/12 ».
ERROR:root:L'attribut « source » a déjà la valeur « Milton, Moses » qui ne sera pas remplacée par « Edgar + livre Poiss-NC-NH ».
2017-04-14 18:59:25,725 [ERROR]  L'attribut « source » a déjà la valeur « Milton, Moses » qui ne sera pas remplacée par « Edgar + livre Poiss-NC-NH ».
ERROR:root:L'attribut « référence » a déjà la valeur « AG4-91 ; AP4-3 = no-wotwot ? > NON, cf. Edgar » qui ne sera pas remplacée par « AP4-3 ».
2017-04-14 18:59:25,726 [ERROR]  L'attribut « référence » a déjà la valeur « AG4-91 ; AP4-3 = no-wotwot ? > NON, cf. Edgar » qui ne sera pas remplacée par « AP4-3 ».
ERROR:root:L'attribut « référence » a déjà la valeur « AG5-118 » qui ne sera pas remplacée par « AG7-18 ».
2017-04-14 18:59:25,747 [ERROR]  L'attribut « référence » a déjà la valeur « AG5-118 » qui ne sera pas remplacée par « AG7-18 ».
ERROR:root:L'attribut « reduplication » a déjà la valeur « yakyak » qui ne sera pas remplacée par « yakyak ».
2017-04-14 18:59:25,752 [ERROR]  L'attribut « reduplication » a déjà la valeur « yakyak » qui ne sera pas remplacée par « yakyak ».
ERROR:root:L'attribut « référence » a déjà la valeur « AG5-119 ; AG1-157 ; AG1-91 » qui ne sera pas remplacée par « AG7-18 ».
2017-04-14 18:59:25,787 [ERROR]  L'attribut « référence » a déjà la valeur « AG5-119 ; AG1-157 ; AG1-91 » qui ne sera pas remplacée par « AG7-18 ».
ERROR:root:L'attribut « source » a déjà la valeur « Milton, Moses ; Smith Nice » qui ne sera pas remplacée par « Edgar: affiche Orstom n°6 ».
2017-04-14 18:59:25,787 [ERROR]  L'attribut « source » a déjà la valeur « Milton, Moses ; Smith Nice » qui ne sera pas remplacée par « Edgar: affiche Orstom n°6 ».
ERROR:root:L'attribut « référence » a déjà la valeur « Walter » qui ne sera pas remplacée par « AG5-118 ».
2017-04-14 18:59:25,793 [ERROR]  L'attribut « référence » a déjà la valeur « Walter » qui ne sera pas remplacée par « AG5-118 ».
ERROR:root:L'attribut « référence » a déjà la valeur « Bregulla 9-6 » qui ne sera pas remplacée par « AG3-122; AG1-150 ».
2017-04-14 18:59:25,795 [ERROR]  L'attribut « référence » a déjà la valeur « Bregulla 9-6 » qui ne sera pas remplacée par « AG3-122; AG1-150 ».
ERROR:root:L'attribut « source » a déjà la valeur « Smith Nice, Henry Nin » qui ne sera pas remplacée par « Milton, Moses ».
2017-04-14 18:59:25,796 [ERROR]  L'attribut « source » a déjà la valeur « Smith Nice, Henry Nin » qui ne sera pas remplacée par « Milton, Moses ».
ERROR:root:L'attribut « source » a déjà la valeur « Smith Nice, Henry Nin » qui ne sera pas remplacée par « Edga ».
2017-04-14 18:59:25,797 [ERROR]  L'attribut « source » a déjà la valeur « Smith Nice, Henry Nin » qui ne sera pas remplacée par « Edga ».
ERROR:root:L'attribut « référence » a déjà la valeur « AG1-157 » qui ne sera pas remplacée par « AG7-1 ».
2017-04-14 18:59:25,797 [ERROR]  L'attribut « référence » a déjà la valeur « AG1-157 » qui ne sera pas remplacée par « AG7-1 ».
ERROR:root:L'attribut « référence » a déjà la valeur « AG1-157 » qui ne sera pas remplacée par « AG7-18 ».
2017-04-14 18:59:25,798 [ERROR]  L'attribut « référence » a déjà la valeur « AG1-157 » qui ne sera pas remplacée par « AG7-18 ».
ERROR:root:L'attribut « source » a déjà la valeur « Smith Nice, Henry Nin » qui ne sera pas remplacée par « Edgar + livre Poiss-NC-NH ».
2017-04-14 18:59:25,798 [ERROR]  L'attribut « source » a déjà la valeur « Smith Nice, Henry Nin » qui ne sera pas remplacée par « Edgar + livre Poiss-NC-NH ».
ERROR:root:L'attribut « référence » a déjà la valeur « AP2-(15.12.97) » qui ne sera pas remplacée par « AG7-12 ».
2017-04-14 18:59:25,802 [ERROR]  L'attribut « référence » a déjà la valeur « AP2-(15.12.97) » qui ne sera pas remplacée par « AG7-12 ».
ERROR:root:L'attribut « référence » a déjà la valeur « Orstom n°10 » qui ne sera pas remplacée par « AG5-119 ».
2017-04-14 18:59:25,805 [ERROR]  L'attribut « référence » a déjà la valeur « Orstom n°10 » qui ne sera pas remplacée par « AG5-119 ».
ERROR:root:L'attribut « référence » a déjà la valeur « Orstom n°10 » qui ne sera pas remplacée par « AG7-18 ».
2017-04-14 18:59:25,805 [ERROR]  L'attribut « référence » a déjà la valeur « Orstom n°10 » qui ne sera pas remplacée par « AG7-18 ».
ERROR:root:L'attribut « source » a déjà la valeur « Milton, Moses » qui ne sera pas remplacée par « Edgar + livre Poiss-NC-NH ».
2017-04-14 18:59:25,805 [ERROR]  L'attribut « source » a déjà la valeur « Milton, Moses » qui ne sera pas remplacée par « Edgar + livre Poiss-NC-NH ».
ERROR:root:L'attribut « source » a déjà la valeur « Milton, Moses » qui ne sera pas remplacée par « Moses ».
2017-04-14 18:59:25,806 [ERROR]  L'attribut « source » a déjà la valeur « Milton, Moses » qui ne sera pas remplacée par « Moses ».
ERROR:root:L'attribut « référence » a déjà la valeur « Orstom n°10 » qui ne sera pas remplacée par « AG5-117 = bsl-226 ».
2017-04-14 18:59:25,806 [ERROR]  L'attribut « référence » a déjà la valeur « Orstom n°10 » qui ne sera pas remplacée par « AG5-117 = bsl-226 ».
ERROR:root:L'attribut « référence » a déjà la valeur « Vienne-584 ; AG5-117 » qui ne sera pas remplacée par « Vienne (-taqgaga), AG5-117 (-takgaga); AG4-44 (yon̄tagaga) ».
2017-04-14 18:59:25,838 [ERROR]  L'attribut « référence » a déjà la valeur « Vienne-584 ; AG5-117 » qui ne sera pas remplacée par « Vienne (-taqgaga), AG5-117 (-takgaga); AG4-44 (yon̄tagaga) ».
ERROR:root:L'entité « étymologie » à mettre à jour n'existe pas.
2017-04-14 18:59:25,853 [ERROR]  L'entité « étymologie » à mettre à jour n'existe pas.
ERROR:root:L'entité « étymologie » à mettre à jour n'existe pas.
2017-04-14 18:59:25,854 [ERROR]  L'entité « étymologie » à mettre à jour n'existe pas.
ERROR:root:L'entité « étymologie » à mettre à jour n'existe pas.
2017-04-14 18:59:25,854 [ERROR]  L'entité « étymologie » à mettre à jour n'existe pas.
ERROR:root:L'entité « étymologie » à mettre à jour n'existe pas.
2017-04-14 18:59:25,943 [ERROR]  L'entité « étymologie » à mettre à jour n'existe pas.
