\BOOKMARK [0][-]{chapter.1}{\376\377\000P\000r\000\351\000s\000e\000n\000t\000a\000t\000i\000o\000n\000\040\000g\000\351\000n\000\351\000r\000a\000l\000e}{}% 1
\BOOKMARK [1][-]{section.1.1}{\376\377\000\300\000\040\000q\000u\000i\000\040\000s\040\031\000a\000d\000r\000e\000s\000s\000e\000\040\000c\000e\000\040\000l\000o\000g\000i\000c\000i\000e\000l\000\040\000?}{chapter.1}% 2
\BOOKMARK [1][-]{section.1.2}{\376\377\000C\000o\000m\000p\000a\000t\000i\000b\000i\000l\000i\000t\000\351}{chapter.1}% 3
\BOOKMARK [1][-]{section.1.3}{\376\377\000M\000i\000s\000e\000\040\000e\000n\000\040\001\123\000u\000v\000r\000e\000\040\000t\000e\000c\000h\000n\000i\000q\000u\000e}{chapter.1}% 4
\BOOKMARK [1][-]{section.1.4}{\376\377\000I\000n\000s\000t\000a\000l\000l\000a\000t\000i\000o\000n}{chapter.1}% 5
\BOOKMARK [2][-]{subsection.1.4.1}{\376\377\000D\000e\000\040\000l\040\031\000i\000n\000t\000e\000r\000p\000r\000\351\000t\000e\000u\000r}{section.1.4}% 6
\BOOKMARK [2][-]{subsection.1.4.2}{\376\377\000D\000u\000\040\000m\000o\000d\000u\000l\000e}{section.1.4}% 7
\BOOKMARK [0][-]{chapter.2}{\376\377\000P\000r\000i\000n\000c\000i\000p\000e\000\040\000d\000e\000\040\000f\000o\000n\000c\000t\000i\000o\000n\000n\000e\000m\000e\000n\000t}{}% 8
\BOOKMARK [1][-]{section.2.1}{\376\377\000D\000\351\000f\000i\000n\000i\000t\000i\000o\000n\000s}{chapter.2}% 9
\BOOKMARK [1][-]{section.2.2}{\376\377\000R\000e\000p\000r\000\351\000s\000e\000n\000t\000a\000t\000i\000o\000n\000s}{chapter.2}% 10
\BOOKMARK [1][-]{section.2.3}{\376\377\000I\000l\000l\000u\000s\000t\000r\000a\000t\000i\000o\000n}{chapter.2}% 11
\BOOKMARK [0][-]{chapter.3}{\376\377\000M\000i\000s\000e\000\040\000e\000n\000\040\001\123\000u\000v\000r\000e}{}% 12
\BOOKMARK [1][-]{section.3.1}{\376\377\000G\000\351\000n\000\351\000r\000a\000l\000i\000t\000\351\000s}{chapter.3}% 13
\BOOKMARK [1][-]{section.3.2}{\376\377\000A\000l\000g\000o\000r\000i\000t\000h\000m\000e\000\040\000g\000\351\000n\000\351\000r\000a\000l}{chapter.3}% 14
\BOOKMARK [1][-]{section.3.3}{\376\377\000R\000e\000m\000a\000r\000q\000u\000e\000s}{chapter.3}% 15
\BOOKMARK [1][-]{section.3.4}{\376\377\000F\000i\000c\000h\000i\000e\000r\000s\000\040\000d\040\031\000i\000n\000t\000\351\000r\000\352\000t}{chapter.3}% 16
\BOOKMARK [1][-]{section.3.5}{\376\377\000I\000l\000l\000u\000s\000t\000r\000a\000t\000i\000o\000n}{chapter.3}% 17
\BOOKMARK [1][-]{section.3.6}{\376\377\000E\000x\000e\000m\000p\000l\000e}{chapter.3}% 18
\BOOKMARK [0][-]{chapter.4}{\376\377\000T\000u\000t\000o\000r\000i\000e\000l\000\040\040\023\000\040\000s\000a\000n\000s\000\040\000i\000n\000t\000e\000r\000f\000a\000c\000e\000\040\000g\000r\000a\000p\000h\000i\000q\000u\000e}{}% 19
\BOOKMARK [1][-]{section.4.1}{\376\377\000C\000o\000n\000f\000i\000g\000u\000r\000a\000t\000i\000o\000n\000\040\000d\000u\000\040\000d\000i\000c\000t\000i\000o\000n\000n\000a\000i\000r\000e}{chapter.4}% 20
\BOOKMARK [1][-]{section.4.2}{\376\377\000E\000x\000\351\000c\000u\000t\000i\000o\000n\000\040\000d\000u\000\040\000p\000r\000o\000g\000r\000a\000m\000m\000e}{chapter.4}% 21
\BOOKMARK [0][-]{chapter.5}{\376\377\000T\000u\000t\000o\000r\000i\000e\000l\000\040\040\023\000\040\000a\000v\000e\000c\000\040\000i\000n\000t\000e\000r\000f\000a\000c\000e\000\040\000g\000r\000a\000p\000h\000i\000q\000u\000e}{}% 22
\BOOKMARK [0][-]{chapter.6}{\376\377\000A\000i\000d\000e\000-\000m\000\351\000m\000o\000i\000r\000e}{}% 23
\BOOKMARK [1][-]{section.6.1}{\376\377\000C\000o\000m\000m\000a\000n\000d\000e\000s}{chapter.6}% 24
\BOOKMARK [1][-]{section.6.2}{\376\377\000F\000i\000c\000h\000i\000e\000r\000\040\000d\000e\000\040\000c\000o\000n\000f\000i\000g\000u\000r\000a\000t\000i\000o\000n}{chapter.6}% 25
\BOOKMARK [0][-]{chapter.7}{\376\377\000R\000e\000m\000a\000r\000q\000u\000e\000s\000\040\000p\000o\000u\000r\000\040\000l\000e\000s\000\040\000d\000\351\000v\000e\000l\000o\000p\000p\000e\000u\000r\000s\000\040\000e\000t\000\040\000p\000o\000u\000r\000\040\000l\000a\000\040\000r\000\351\000u\000n\000i\000o\000n}{}% 26
\BOOKMARK [0][-]{chapter.8}{\376\377\000A\000m\000\351\000l\000i\000o\000r\000a\000t\000i\000o\000n\000s\000\040\000e\000t\000\040\000b\000o\000g\000u\000e\000s}{}% 27
\BOOKMARK [0][-]{chapter.9}{\376\377\000A\000n\000n\000e\000x\000e\000s}{}% 28
\BOOKMARK [1][-]{section.9.1}{\376\377\000D\000\351\000p\000\364\000t\000\040\000d\000u\000\040\000l\000o\000g\000i\000c\000i\000e\000l}{chapter.9}% 29
